2026-03-10 22:14:13.903 [info] [main] Log level: Info
2026-03-10 22:14:13.903 [info] [main] Validating found git in: "git"
2026-03-10 22:14:13.903 [info] [main] Using git "2.53.0" from "git"
2026-03-10 22:14:13.903 [info] [Model][doInitialScan] Initial repository scan started
2026-03-10 22:14:13.903 [info] [Model][doInitialScan] Initial repository scan completed - repositories (0), closed repositories (0), parent repositories (0), unsafe repositories (0)
2026-03-10 22:14:54.557 [info] [main] Log level: Info
2026-03-10 22:14:54.557 [info] [main] Validating found git in: "git"
2026-03-10 22:14:54.557 [info] [main] Using git "2.53.0" from "git"
2026-03-10 22:14:54.557 [info] [Model][doInitialScan] Initial repository scan started
2026-03-10 22:14:54.557 [info] > git rev-parse --show-toplevel [400ms]
2026-03-10 22:14:54.591 [info] > git rev-parse --git-dir --git-common-dir --show-superproject-working-tree [28ms]
2026-03-10 22:14:54.602 [info] [Model][openRepository] Opened repository (path): /opt/lampp/htdocs/AU-AIS
2026-03-10 22:14:54.602 [info] [Model][openRepository] Opened repository (real path): /opt/lampp/htdocs/AU-AIS
2026-03-10 22:14:54.602 [info] [Model][openRepository] Opened repository (kind): repository
2026-03-10 22:14:54.618 [info] > git config --get commit.template [3ms]
2026-03-10 22:14:54.628 [info] > git for-each-ref --format=%(refname)%00%(upstream:short)%00%(objectname)%00%(upstream:track)%00%(upstream:remotename)%00%(upstream:remoteref) refs/heads/main refs/remotes/main [3ms]
2026-03-10 22:14:54.634 [warning] [Git][revParse] Unable to read file: ENOENT: no such file or directory, open '/opt/lampp/htdocs/AU-AIS/.git/refs/remotes/origin/main'
2026-03-10 22:14:54.635 [info] > git rev-parse refs/remotes/origin/main [2ms]
2026-03-10 22:14:54.657 [info] > git status -z -uall [15ms]
2026-03-10 22:14:54.685 [info] > git rev-parse --show-toplevel [28ms]
2026-03-10 22:14:54.686 [info] > git for-each-ref --sort -committerdate --format %(refname)%00%(objectname)%00%(*objectname) [35ms]
2026-03-10 22:14:54.744 [info] > git for-each-ref --format=%(refname)%00%(upstream:short)%00%(objectname)%00%(upstream:track)%00%(upstream:remotename)%00%(upstream:remoteref) refs/heads/main refs/remotes/main [20ms]
2026-03-10 22:14:54.768 [info] > git config --get --local branch.main.vscode-merge-base [18ms]
2026-03-10 22:14:54.768 [warning] [Git][config] git config failed: Failed to execute git
2026-03-10 22:14:54.774 [info] > git config --get commit.template [31ms]
2026-03-10 22:14:54.774 [info] > git rev-parse --show-toplevel [36ms]
2026-03-10 22:14:54.792 [info] > git reflog main --grep-reflog=branch: Created from *. [18ms]
2026-03-10 22:14:54.808 [info] > git rev-parse --show-toplevel [17ms]
2026-03-10 22:14:54.820 [info] > git for-each-ref --format=%(refname)%00%(upstream:short)%00%(objectname)%00%(upstream:track)%00%(upstream:remotename)%00%(upstream:remoteref) refs/heads/main refs/remotes/main [12ms]
2026-03-10 22:14:54.820 [info] > git symbolic-ref --short refs/remotes/origin/HEAD [21ms]
2026-03-10 22:14:54.837 [warning] [Git][revParse] Unable to read file: ENOENT: no such file or directory, open '/opt/lampp/htdocs/AU-AIS/.git/refs/remotes/origin/main'
2026-03-10 22:14:54.838 [info] > git rev-parse --show-toplevel [20ms]
2026-03-10 22:14:54.848 [info] > git rev-parse refs/remotes/origin/main [11ms]
2026-03-10 22:14:54.866 [info] > git for-each-ref --format=%(refname)%00%(upstream:short)%00%(objectname)%00%(upstream:track)%00%(upstream:remotename)%00%(upstream:remoteref) refs/heads/origin/main refs/remotes/origin/main [38ms]
2026-03-10 22:14:54.882 [info] > git status -z -uall [26ms]
2026-03-10 22:14:54.882 [info] > git for-each-ref --sort -committerdate --format %(refname)%00%(objectname)%00%(*objectname) [17ms]
2026-03-10 22:14:54.888 [info] > git rev-parse --show-toplevel [41ms]
2026-03-10 22:14:54.940 [info] > git config --add --local branch.main.vscode-merge-base origin/main [60ms]
2026-03-10 22:14:54.968 [info] > git rev-parse --show-toplevel [37ms]
2026-03-10 22:14:54.977 [info] > git config --get commit.template [10ms]
2026-03-10 22:14:54.978 [info] > git rev-parse --show-toplevel [2ms]
2026-03-10 22:14:55.004 [info] > git rev-parse --show-toplevel [2ms]
2026-03-10 22:14:55.005 [info] > git for-each-ref --format=%(refname)%00%(upstream:short)%00%(objectname)%00%(upstream:track)%00%(upstream:remotename)%00%(upstream:remoteref) refs/heads/main refs/remotes/main [11ms]
2026-03-10 22:14:55.016 [warning] [Git][revParse] Unable to read file: ENOENT: no such file or directory, open '/opt/lampp/htdocs/AU-AIS/.git/refs/remotes/origin/main'
2026-03-10 22:14:55.018 [info] > git rev-parse --show-toplevel [7ms]
2026-03-10 22:14:55.018 [info] > git rev-parse refs/remotes/origin/main [2ms]
2026-03-10 22:14:55.043 [info] > git status -z -uall [14ms]
2026-03-10 22:14:55.048 [info] > git rev-parse --show-toplevel [6ms]
2026-03-10 22:14:55.048 [info] > git for-each-ref --sort -committerdate --format %(refname)%00%(objectname)%00%(*objectname) [12ms]
2026-03-10 22:14:55.076 [info] > git merge-base refs/heads/main refs/remotes/origin/main [16ms]
2026-03-10 22:14:55.087 [info] > git rev-parse --show-toplevel [12ms]
2026-03-10 22:14:55.090 [info] [Model][doInitialScan] Initial repository scan completed - repositories (1), closed repositories (0), parent repositories (0), unsafe repositories (0)
2026-03-10 22:14:55.091 [info] > git merge-base refs/heads/main refs/remotes/origin/main [21ms]
2026-03-10 22:14:55.098 [info] > git diff --name-status -z --diff-filter=ADMR --find-renames=50% 18135e86ca3f1bf0ecf196b74b2ff312b2e30216...refs/remotes/origin/main -- [13ms]
2026-03-10 22:14:55.099 [info] > git diff --name-status -z --diff-filter=ADMR --find-renames=50% 18135e86ca3f1bf0ecf196b74b2ff312b2e30216...refs/remotes/origin/main -- [2ms]
2026-03-10 22:14:55.237 [info] > git check-ignore -v -z --stdin [1ms]
2026-03-10 22:30:25.183 [info] > git check-ignore -v -z --stdin [1ms]
2026-03-10 22:30:25.719 [info] > git for-each-ref --format=%(refname)%00%(upstream:short)%00%(objectname)%00%(upstream:track)%00%(upstream:remotename)%00%(upstream:remoteref) refs/heads/main refs/remotes/main [1ms]
2026-03-10 22:30:25.720 [info] > git config --get commit.template [9ms]
2026-03-10 22:30:25.724 [warning] [Git][revParse] Unable to read file: ENOENT: no such file or directory, open '/opt/lampp/htdocs/AU-AIS/.git/refs/remotes/origin/main'
2026-03-10 22:30:25.724 [info] > git rev-parse refs/remotes/origin/main [1ms]
2026-03-10 22:30:25.737 [info] > git status -z -uall [5ms]
2026-03-10 22:30:25.737 [info] > git for-each-ref --sort -committerdate --format %(refname)%00%(objectname)%00%(*objectname) [1ms]
2026-03-10 22:30:27.217 [info] > git check-ignore -v -z --stdin [0ms]
2026-03-10 22:30:30.753 [info] > git config --get commit.template [4ms]
2026-03-10 22:30:30.753 [info] > git for-each-ref --format=%(refname)%00%(upstream:short)%00%(objectname)%00%(upstream:track)%00%(upstream:remotename)%00%(upstream:remoteref) refs/heads/main refs/remotes/main [1ms]
2026-03-10 22:30:30.756 [warning] [Git][revParse] Unable to read file: ENOENT: no such file or directory, open '/opt/lampp/htdocs/AU-AIS/.git/refs/remotes/origin/main'
2026-03-10 22:30:30.757 [info] > git rev-parse refs/remotes/origin/main [1ms]
2026-03-10 22:30:30.764 [info] > git status -z -uall [4ms]
2026-03-10 22:30:30.764 [info] > git for-each-ref --sort -committerdate --format %(refname)%00%(objectname)%00%(*objectname) [1ms]
2026-03-10 22:31:02.233 [info] > git check-ignore -v -z --stdin [0ms]
2026-03-10 22:31:02.696 [info] > git config --get commit.template [4ms]
2026-03-10 22:31:02.697 [info] > git for-each-ref --format=%(refname)%00%(upstream:short)%00%(objectname)%00%(upstream:track)%00%(upstream:remotename)%00%(upstream:remoteref) refs/heads/main refs/remotes/main [1ms]
2026-03-10 22:31:02.700 [warning] [Git][revParse] Unable to read file: ENOENT: no such file or directory, open '/opt/lampp/htdocs/AU-AIS/.git/refs/remotes/origin/main'
2026-03-10 22:31:02.701 [info] > git rev-parse refs/remotes/origin/main [1ms]
2026-03-10 22:31:02.713 [info] > git status -z -uall [4ms]
2026-03-10 22:31:02.713 [info] > git for-each-ref --sort -committerdate --format %(refname)%00%(objectname)%00%(*objectname) [1ms]
2026-03-10 22:31:17.371 [info] > git check-ignore -v -z --stdin [5ms]
2026-03-10 22:31:17.872 [info] > git config --get commit.template [2ms]
2026-03-10 22:31:17.876 [info] > git for-each-ref --format=%(refname)%00%(upstream:short)%00%(objectname)%00%(upstream:track)%00%(upstream:remotename)%00%(upstream:remoteref) refs/heads/main refs/remotes/main [1ms]
2026-03-10 22:31:17.880 [warning] [Git][revParse] Unable to read file: ENOENT: no such file or directory, open '/opt/lampp/htdocs/AU-AIS/.git/refs/remotes/origin/main'
2026-03-10 22:31:17.880 [info] > git rev-parse refs/remotes/origin/main [0ms]
2026-03-10 22:31:17.892 [info] > git status -z -uall [5ms]
2026-03-10 22:31:17.893 [info] > git for-each-ref --sort -committerdate --format %(refname)%00%(objectname)%00%(*objectname) [1ms]
2026-03-10 22:31:19.293 [info] > git check-ignore -v -z --stdin [0ms]
2026-03-10 22:31:22.905 [info] > git config --get commit.template [5ms]
2026-03-10 22:31:22.905 [info] > git for-each-ref --format=%(refname)%00%(upstream:short)%00%(objectname)%00%(upstream:track)%00%(upstream:remotename)%00%(upstream:remoteref) refs/heads/main refs/remotes/main [1ms]
2026-03-10 22:31:22.910 [warning] [Git][revParse] Unable to read file: ENOENT: no such file or directory, open '/opt/lampp/htdocs/AU-AIS/.git/refs/remotes/origin/main'
2026-03-10 22:31:22.913 [info] > git rev-parse refs/remotes/origin/main [3ms]
2026-03-10 22:31:22.922 [info] > git status -z -uall [4ms]
2026-03-10 22:31:22.922 [info] > git for-each-ref --sort -committerdate --format %(refname)%00%(objectname)%00%(*objectname) [1ms]
2026-03-10 22:31:52.877 [info] > git config --get commit.template [1ms]
2026-03-10 22:31:52.882 [info] > git for-each-ref --format=%(refname)%00%(upstream:short)%00%(objectname)%00%(upstream:track)%00%(upstream:remotename)%00%(upstream:remoteref) refs/heads/main refs/remotes/main [1ms]
2026-03-10 22:31:52.886 [warning] [Git][revParse] Unable to read file: ENOENT: no such file or directory, open '/opt/lampp/htdocs/AU-AIS/.git/refs/remotes/origin/main'
2026-03-10 22:31:52.887 [info] > git rev-parse refs/remotes/origin/main [1ms]
2026-03-10 22:31:52.895 [info] > git status -z -uall [4ms]
2026-03-10 22:31:52.896 [info] > git for-each-ref --sort -committerdate --format %(refname)%00%(objectname)%00%(*objectname) [1ms]
2026-03-10 22:35:37.221 [info] > git check-ignore -v -z --stdin [1ms]
2026-03-10 22:35:37.452 [info] > git show --textconv :resources/views/layout/base.blade.php [7ms]
2026-03-10 22:35:37.453 [info] > git ls-files --stage -- resources/views/layout/base.blade.php [1ms]
2026-03-10 22:35:37.473 [info] > git cat-file -s e0b27e2330eddf57b785865699f96bde657561c4 [3ms]
2026-03-10 22:35:37.502 [info] > git check-ignore -v -z --stdin [1ms]
2026-03-10 22:35:38.085 [info] > git check-ignore -v -z --stdin [1ms]
2026-03-10 22:35:38.655 [info] > git check-ignore -v -z --stdin [1ms]
2026-03-10 22:35:39.481 [info] > git log --format=%H%n%aN%n%aE%n%at%n%ct%n%P%n%D%n%B -z --shortstat --diff-merges=first-parent -n50 --skip=0 --topo-order --decorate=full --stdin [13ms]
2026-03-10 22:35:39.853 [info] > git merge-base main origin/main [1ms]
2026-03-10 22:36:47.011 [info] > git check-ignore -v -z --stdin [1ms]
2026-03-10 22:36:47.214 [info] > git check-ignore -v -z --stdin [2ms]
2026-03-10 22:36:47.338 [info] > git show --textconv :resources/views/layout/base.blade.php [14ms]
2026-03-10 22:36:47.340 [info] > git ls-files --stage -- resources/views/layout/base.blade.php [4ms]
2026-03-10 22:36:47.369 [info] > git cat-file -s e0b27e2330eddf57b785865699f96bde657561c4 [13ms]
2026-03-10 22:36:50.660 [info] > git check-ignore -v -z --stdin [1ms]
2026-03-10 22:36:50.780 [info] > git check-ignore -v -z --stdin [1ms]
2026-03-10 22:37:05.312 [info] > git show --textconv HEAD:routes/web.php [5ms]
2026-03-10 22:37:05.313 [info] > git ls-tree -l HEAD -- routes/web.php [1ms]
2026-03-10 22:37:05.479 [info] > git blame --root --incremental 18135e86ca3f1bf0ecf196b74b2ff312b2e30216 -- routes/web.php [9ms]
2026-03-10 22:37:05.634 [info] > git check-ignore -v -z --stdin [2ms]
2026-03-10 22:37:07.057 [info] > git check-ignore -v -z --stdin [4ms]
2026-03-10 22:37:07.309 [info] > git check-ignore -v -z --stdin [2ms]
2026-03-10 22:37:08.758 [info] > git check-ignore -v -z --stdin [5ms]
2026-03-10 22:37:08.918 [info] > git check-ignore -v -z --stdin [3ms]
2026-03-10 22:37:09.189 [info] > git check-ignore -v -z --stdin [1ms]
2026-03-10 22:37:14.669 [info] > git check-ignore -v -z --stdin [1ms]
2026-03-10 22:38:42.004 [info] > git check-ignore -v -z --stdin [1ms]
2026-03-10 22:38:42.174 [info] > git check-ignore -v -z --stdin [2ms]
2026-03-10 22:38:42.410 [info] > git show --textconv :resources/views/layout/navbar.blade.php [12ms]
2026-03-10 22:38:42.411 [info] > git ls-files --stage -- resources/views/layout/navbar.blade.php [1ms]
2026-03-10 22:38:42.415 [info] > git cat-file -s 82f6f318688c2ad545ca8b9d54580b98ec173c23 [1ms]
2026-03-10 22:39:29.664 [info] > git for-each-ref --format=%(refname)%00%(upstream:short)%00%(objectname)%00%(upstream:track)%00%(upstream:remotename)%00%(upstream:remoteref) refs/heads/main refs/remotes/main [1ms]
2026-03-10 22:39:29.670 [info] > git config --get commit.template [10ms]
2026-03-10 22:39:29.674 [warning] [Git][revParse] Unable to read file: ENOENT: no such file or directory, open '/opt/lampp/htdocs/AU-AIS/.git/refs/remotes/origin/main'
2026-03-10 22:39:29.674 [info] > git rev-parse refs/remotes/origin/main [1ms]
2026-03-10 22:39:29.682 [info] > git status -z -uall [4ms]
2026-03-10 22:39:29.683 [info] > git for-each-ref --sort -committerdate --format %(refname)%00%(objectname)%00%(*objectname) [2ms]
2026-03-10 22:39:52.221 [info] > git config --get commit.template [3ms]
2026-03-10 22:39:52.227 [info] > git for-each-ref --format=%(refname)%00%(upstream:short)%00%(objectname)%00%(upstream:track)%00%(upstream:remotename)%00%(upstream:remoteref) refs/heads/main refs/remotes/main [2ms]
2026-03-10 22:39:52.232 [warning] [Git][revParse] Unable to read file: ENOENT: no such file or directory, open '/opt/lampp/htdocs/AU-AIS/.git/refs/remotes/origin/main'
2026-03-10 22:39:52.233 [info] > git rev-parse refs/remotes/origin/main [1ms]
2026-03-10 22:39:52.243 [info] > git status -z -uall [6ms]
2026-03-10 22:39:52.244 [info] > git for-each-ref --sort -committerdate --format %(refname)%00%(objectname)%00%(*objectname) [1ms]
2026-03-10 22:39:57.259 [info] > git config --get commit.template [3ms]
2026-03-10 22:39:57.272 [info] > git for-each-ref --format=%(refname)%00%(upstream:short)%00%(objectname)%00%(upstream:track)%00%(upstream:remotename)%00%(upstream:remoteref) refs/heads/main refs/remotes/main [1ms]
2026-03-10 22:39:57.276 [warning] [Git][revParse] Unable to read file: ENOENT: no such file or directory, open '/opt/lampp/htdocs/AU-AIS/.git/refs/remotes/origin/main'
2026-03-10 22:39:57.276 [info] > git rev-parse refs/remotes/origin/main [0ms]
2026-03-10 22:39:57.293 [info] > git status -z -uall [4ms]
2026-03-10 22:39:57.294 [info] > git for-each-ref --sort -committerdate --format %(refname)%00%(objectname)%00%(*objectname) [1ms]
2026-03-10 22:40:05.248 [info] > git config --get commit.template [1ms]
2026-03-10 22:40:05.253 [info] > git for-each-ref --format=%(refname)%00%(upstream:short)%00%(objectname)%00%(upstream:track)%00%(upstream:remotename)%00%(upstream:remoteref) refs/heads/main refs/remotes/main [1ms]
2026-03-10 22:40:05.256 [warning] [Git][revParse] Unable to read file: ENOENT: no such file or directory, open '/opt/lampp/htdocs/AU-AIS/.git/refs/remotes/origin/main'
2026-03-10 22:40:05.257 [info] > git rev-parse refs/remotes/origin/main [1ms]
2026-03-10 22:40:05.263 [info] > git status -z -uall [3ms]
2026-03-10 22:40:05.264 [info] > git for-each-ref --sort -committerdate --format %(refname)%00%(objectname)%00%(*objectname) [1ms]
2026-03-10 22:40:10.276 [info] > git config --get commit.template [4ms]
2026-03-10 22:40:10.276 [info] > git for-each-ref --format=%(refname)%00%(upstream:short)%00%(objectname)%00%(upstream:track)%00%(upstream:remotename)%00%(upstream:remoteref) refs/heads/main refs/remotes/main [1ms]
2026-03-10 22:40:10.281 [warning] [Git][revParse] Unable to read file: ENOENT: no such file or directory, open '/opt/lampp/htdocs/AU-AIS/.git/refs/remotes/origin/main'
2026-03-10 22:40:10.281 [info] > git rev-parse refs/remotes/origin/main [0ms]
2026-03-10 22:40:10.288 [info] > git status -z -uall [3ms]
2026-03-10 22:40:10.289 [info] > git for-each-ref --sort -committerdate --format %(refname)%00%(objectname)%00%(*objectname) [1ms]
2026-03-10 22:40:15.296 [info] > git config --get commit.template [1ms]
2026-03-10 22:40:15.301 [info] > git for-each-ref --format=%(refname)%00%(upstream:short)%00%(objectname)%00%(upstream:track)%00%(upstream:remotename)%00%(upstream:remoteref) refs/heads/main refs/remotes/main [1ms]
2026-03-10 22:40:15.304 [warning] [Git][revParse] Unable to read file: ENOENT: no such file or directory, open '/opt/lampp/htdocs/AU-AIS/.git/refs/remotes/origin/main'
2026-03-10 22:40:15.304 [info] > git rev-parse refs/remotes/origin/main [0ms]
2026-03-10 22:40:15.311 [info] > git status -z -uall [4ms]
2026-03-10 22:40:15.312 [info] > git for-each-ref --sort -committerdate --format %(refname)%00%(objectname)%00%(*objectname) [1ms]
2026-03-10 22:40:21.783 [info] > git config --get commit.template [4ms]
2026-03-10 22:40:21.783 [info] > git for-each-ref --format=%(refname)%00%(upstream:short)%00%(objectname)%00%(upstream:track)%00%(upstream:remotename)%00%(upstream:remoteref) refs/heads/main refs/remotes/main [1ms]
2026-03-10 22:40:21.786 [warning] [Git][revParse] Unable to read file: ENOENT: no such file or directory, open '/opt/lampp/htdocs/AU-AIS/.git/refs/remotes/origin/main'
2026-03-10 22:40:21.787 [info] > git rev-parse refs/remotes/origin/main [1ms]
2026-03-10 22:40:21.794 [info] > git status -z -uall [4ms]
2026-03-10 22:40:21.795 [info] > git for-each-ref --sort -committerdate --format %(refname)%00%(objectname)%00%(*objectname) [2ms]
2026-03-10 22:41:15.092 [info] > git check-ignore -v -z --stdin [1ms]
2026-03-10 22:41:15.273 [info] > git check-ignore -v -z --stdin [1ms]
2026-03-10 22:41:15.932 [info] > git check-ignore -v -z --stdin [0ms]
2026-03-10 22:41:32.419 [info] > git config --get commit.template [3ms]
2026-03-10 22:41:32.423 [info] > git for-each-ref --format=%(refname)%00%(upstream:short)%00%(objectname)%00%(upstream:track)%00%(upstream:remotename)%00%(upstream:remoteref) refs/heads/main refs/remotes/main [1ms]
2026-03-10 22:41:32.426 [warning] [Git][revParse] Unable to read file: ENOENT: no such file or directory, open '/opt/lampp/htdocs/AU-AIS/.git/refs/remotes/origin/main'
2026-03-10 22:41:32.427 [info] > git rev-parse refs/remotes/origin/main [1ms]
2026-03-10 22:41:32.439 [info] > git status -z -uall [4ms]
2026-03-10 22:41:32.440 [info] > git for-each-ref --sort -committerdate --format %(refname)%00%(objectname)%00%(*objectname) [1ms]
2026-03-10 22:41:41.625 [info] > git config --get commit.template [4ms]
2026-03-10 22:41:41.625 [info] > git for-each-ref --format=%(refname)%00%(upstream:short)%00%(objectname)%00%(upstream:track)%00%(upstream:remotename)%00%(upstream:remoteref) refs/heads/main refs/remotes/main [1ms]
2026-03-10 22:41:41.634 [warning] [Git][revParse] Unable to read file: ENOENT: no such file or directory, open '/opt/lampp/htdocs/AU-AIS/.git/refs/remotes/origin/main'
2026-03-10 22:41:41.635 [info] > git rev-parse refs/remotes/origin/main [1ms]
2026-03-10 22:41:41.654 [info] > git status -z -uall [14ms]
2026-03-10 22:41:41.655 [info] > git for-each-ref --sort -committerdate --format %(refname)%00%(objectname)%00%(*objectname) [5ms]
2026-03-10 22:41:46.665 [info] > git config --get commit.template [4ms]
2026-03-10 22:41:46.665 [info] > git for-each-ref --format=%(refname)%00%(upstream:short)%00%(objectname)%00%(upstream:track)%00%(upstream:remotename)%00%(upstream:remoteref) refs/heads/main refs/remotes/main [0ms]
2026-03-10 22:41:46.669 [warning] [Git][revParse] Unable to read file: ENOENT: no such file or directory, open '/opt/lampp/htdocs/AU-AIS/.git/refs/remotes/origin/main'
2026-03-10 22:41:46.669 [info] > git rev-parse refs/remotes/origin/main [0ms]
2026-03-10 22:41:46.677 [info] > git status -z -uall [5ms]
2026-03-10 22:41:46.678 [info] > git for-each-ref --sort -committerdate --format %(refname)%00%(objectname)%00%(*objectname) [2ms]
2026-03-10 22:41:52.843 [info] > git config --get commit.template [4ms]
2026-03-10 22:41:52.843 [info] > git for-each-ref --format=%(refname)%00%(upstream:short)%00%(objectname)%00%(upstream:track)%00%(upstream:remotename)%00%(upstream:remoteref) refs/heads/main refs/remotes/main [1ms]
2026-03-10 22:41:52.847 [warning] [Git][revParse] Unable to read file: ENOENT: no such file or directory, open '/opt/lampp/htdocs/AU-AIS/.git/refs/remotes/origin/main'
2026-03-10 22:41:52.847 [info] > git rev-parse refs/remotes/origin/main [0ms]
2026-03-10 22:41:52.855 [info] > git status -z -uall [5ms]
2026-03-10 22:41:52.855 [info] > git for-each-ref --sort -committerdate --format %(refname)%00%(objectname)%00%(*objectname) [1ms]
2026-03-10 22:42:03.241 [info] > git config --get commit.template [4ms]
2026-03-10 22:42:03.241 [info] > git for-each-ref --format=%(refname)%00%(upstream:short)%00%(objectname)%00%(upstream:track)%00%(upstream:remotename)%00%(upstream:remoteref) refs/heads/main refs/remotes/main [1ms]
2026-03-10 22:42:03.244 [warning] [Git][revParse] Unable to read file: ENOENT: no such file or directory, open '/opt/lampp/htdocs/AU-AIS/.git/refs/remotes/origin/main'
2026-03-10 22:42:03.245 [info] > git rev-parse refs/remotes/origin/main [1ms]
2026-03-10 22:42:03.252 [info] > git status -z -uall [4ms]
2026-03-10 22:42:03.253 [info] > git for-each-ref --sort -committerdate --format %(refname)%00%(objectname)%00%(*objectname) [2ms]
2026-03-10 22:44:17.418 [info] > git config --get commit.template [7ms]
2026-03-10 22:44:17.419 [info] > git for-each-ref --format=%(refname)%00%(upstream:short)%00%(objectname)%00%(upstream:track)%00%(upstream:remotename)%00%(upstream:remoteref) refs/heads/main refs/remotes/main [1ms]
2026-03-10 22:44:17.430 [warning] [Git][revParse] Unable to read file: ENOENT: no such file or directory, open '/opt/lampp/htdocs/AU-AIS/.git/refs/remotes/origin/main'
2026-03-10 22:44:17.430 [info] > git rev-parse refs/remotes/origin/main [1ms]
2026-03-10 22:44:17.448 [info] > git status -z -uall [12ms]
2026-03-10 22:44:17.449 [info] > git for-each-ref --sort -committerdate --format %(refname)%00%(objectname)%00%(*objectname) [1ms]
2026-03-10 22:44:22.460 [info] > git config --get commit.template [4ms]
2026-03-10 22:44:22.466 [info] > git for-each-ref --format=%(refname)%00%(upstream:short)%00%(objectname)%00%(upstream:track)%00%(upstream:remotename)%00%(upstream:remoteref) refs/heads/main refs/remotes/main [6ms]
2026-03-10 22:44:22.470 [warning] [Git][revParse] Unable to read file: ENOENT: no such file or directory, open '/opt/lampp/htdocs/AU-AIS/.git/refs/remotes/origin/main'
2026-03-10 22:44:22.470 [info] > git rev-parse refs/remotes/origin/main [0ms]
2026-03-10 22:44:22.478 [info] > git status -z -uall [4ms]
2026-03-10 22:44:22.478 [info] > git for-each-ref --sort -committerdate --format %(refname)%00%(objectname)%00%(*objectname) [1ms]
2026-03-10 22:44:27.489 [info] > git config --get commit.template [4ms]
2026-03-10 22:44:27.489 [info] > git for-each-ref --format=%(refname)%00%(upstream:short)%00%(objectname)%00%(upstream:track)%00%(upstream:remotename)%00%(upstream:remoteref) refs/heads/main refs/remotes/main [1ms]
2026-03-10 22:44:27.493 [warning] [Git][revParse] Unable to read file: ENOENT: no such file or directory, open '/opt/lampp/htdocs/AU-AIS/.git/refs/remotes/origin/main'
2026-03-10 22:44:27.493 [info] > git rev-parse refs/remotes/origin/main [1ms]
2026-03-10 22:44:27.500 [info] > git status -z -uall [4ms]
2026-03-10 22:44:27.501 [info] > git for-each-ref --sort -committerdate --format %(refname)%00%(objectname)%00%(*objectname) [1ms]
2026-03-10 22:45:07.591 [info] > git config --get commit.template [5ms]
2026-03-10 22:45:07.591 [info] > git for-each-ref --format=%(refname)%00%(upstream:short)%00%(objectname)%00%(upstream:track)%00%(upstream:remotename)%00%(upstream:remoteref) refs/heads/main refs/remotes/main [1ms]
2026-03-10 22:45:07.594 [warning] [Git][revParse] Unable to read file: ENOENT: no such file or directory, open '/opt/lampp/htdocs/AU-AIS/.git/refs/remotes/origin/main'
2026-03-10 22:45:07.596 [info] > git rev-parse refs/remotes/origin/main [2ms]
2026-03-10 22:45:07.607 [info] > git status -z -uall [6ms]
2026-03-10 22:45:07.607 [info] > git for-each-ref --sort -committerdate --format %(refname)%00%(objectname)%00%(*objectname) [2ms]
2026-03-10 22:47:05.487 [info] > git config --get commit.template [4ms]
2026-03-10 22:47:05.488 [info] > git for-each-ref --format=%(refname)%00%(upstream:short)%00%(objectname)%00%(upstream:track)%00%(upstream:remotename)%00%(upstream:remoteref) refs/heads/main refs/remotes/main [1ms]
2026-03-10 22:47:05.491 [warning] [Git][revParse] Unable to read file: ENOENT: no such file or directory, open '/opt/lampp/htdocs/AU-AIS/.git/refs/remotes/origin/main'
2026-03-10 22:47:05.492 [info] > git rev-parse refs/remotes/origin/main [0ms]
2026-03-10 22:47:05.501 [info] > git status -z -uall [5ms]
2026-03-10 22:47:05.502 [info] > git for-each-ref --sort -committerdate --format %(refname)%00%(objectname)%00%(*objectname) [2ms]
2026-03-10 22:47:23.587 [info] > git config --get commit.template [3ms]
2026-03-10 22:47:23.588 [info] > git for-each-ref --format=%(refname)%00%(upstream:short)%00%(objectname)%00%(upstream:track)%00%(upstream:remotename)%00%(upstream:remoteref) refs/heads/main refs/remotes/main [1ms]
2026-03-10 22:47:23.591 [warning] [Git][revParse] Unable to read file: ENOENT: no such file or directory, open '/opt/lampp/htdocs/AU-AIS/.git/refs/remotes/origin/main'
2026-03-10 22:47:23.592 [info] > git rev-parse refs/remotes/origin/main [1ms]
2026-03-10 22:47:23.599 [info] > git status -z -uall [4ms]
2026-03-10 22:47:23.600 [info] > git for-each-ref --sort -committerdate --format %(refname)%00%(objectname)%00%(*objectname) [2ms]
2026-03-10 22:47:33.320 [info] > git config --get commit.template [3ms]
2026-03-10 22:47:33.320 [info] > git for-each-ref --format=%(refname)%00%(upstream:short)%00%(objectname)%00%(upstream:track)%00%(upstream:remotename)%00%(upstream:remoteref) refs/heads/main refs/remotes/main [1ms]
2026-03-10 22:47:33.323 [warning] [Git][revParse] Unable to read file: ENOENT: no such file or directory, open '/opt/lampp/htdocs/AU-AIS/.git/refs/remotes/origin/main'
2026-03-10 22:47:33.324 [info] > git rev-parse refs/remotes/origin/main [1ms]
2026-03-10 22:47:33.331 [info] > git status -z -uall [4ms]
2026-03-10 22:47:33.331 [info] > git for-each-ref --sort -committerdate --format %(refname)%00%(objectname)%00%(*objectname) [1ms]
2026-03-10 22:47:40.398 [info] > git config --get commit.template [3ms]
2026-03-10 22:47:40.399 [info] > git for-each-ref --format=%(refname)%00%(upstream:short)%00%(objectname)%00%(upstream:track)%00%(upstream:remotename)%00%(upstream:remoteref) refs/heads/main refs/remotes/main [1ms]
2026-03-10 22:47:40.402 [warning] [Git][revParse] Unable to read file: ENOENT: no such file or directory, open '/opt/lampp/htdocs/AU-AIS/.git/refs/remotes/origin/main'
2026-03-10 22:47:40.403 [info] > git rev-parse refs/remotes/origin/main [1ms]
2026-03-10 22:47:40.411 [info] > git status -z -uall [4ms]
2026-03-10 22:47:40.412 [info] > git for-each-ref --sort -committerdate --format %(refname)%00%(objectname)%00%(*objectname) [2ms]
2026-03-10 22:49:58.924 [info] > git config --get commit.template [3ms]
2026-03-10 22:49:58.925 [info] > git for-each-ref --format=%(refname)%00%(upstream:short)%00%(objectname)%00%(upstream:track)%00%(upstream:remotename)%00%(upstream:remoteref) refs/heads/main refs/remotes/main [1ms]
2026-03-10 22:49:58.928 [warning] [Git][revParse] Unable to read file: ENOENT: no such file or directory, open '/opt/lampp/htdocs/AU-AIS/.git/refs/remotes/origin/main'
2026-03-10 22:49:58.930 [info] > git rev-parse refs/remotes/origin/main [1ms]
2026-03-10 22:49:58.941 [info] > git status -z -uall [4ms]
2026-03-10 22:49:58.941 [info] > git for-each-ref --sort -committerdate --format %(refname)%00%(objectname)%00%(*objectname) [1ms]
2026-03-10 22:50:22.200 [info] > git check-ignore -v -z --stdin [2ms]
2026-03-10 22:50:22.438 [info] > git check-ignore -v -z --stdin [1ms]
2026-03-10 22:50:22.596 [info] > git show --textconv :resources/views/layout/base.blade.php [17ms]
2026-03-10 22:50:22.596 [info] > git ls-files --stage -- resources/views/layout/base.blade.php [1ms]
2026-03-10 22:50:22.601 [info] > git cat-file -s e0b27e2330eddf57b785865699f96bde657561c4 [1ms]
2026-03-10 22:50:32.968 [info] > git config --get commit.template [4ms]
2026-03-10 22:50:32.968 [info] > git for-each-ref --format=%(refname)%00%(upstream:short)%00%(objectname)%00%(upstream:track)%00%(upstream:remotename)%00%(upstream:remoteref) refs/heads/main refs/remotes/main [1ms]
2026-03-10 22:50:32.972 [warning] [Git][revParse] Unable to read file: ENOENT: no such file or directory, open '/opt/lampp/htdocs/AU-AIS/.git/refs/remotes/origin/main'
2026-03-10 22:50:32.972 [info] > git rev-parse refs/remotes/origin/main [0ms]
2026-03-10 22:50:32.984 [info] > git status -z -uall [4ms]
2026-03-10 22:50:32.985 [info] > git for-each-ref --sort -committerdate --format %(refname)%00%(objectname)%00%(*objectname) [1ms]
2026-03-10 22:51:03.429 [info] > git blame --root --incremental 18135e86ca3f1bf0ecf196b74b2ff312b2e30216 -- resources/views/layout/base.blade.php [19ms]
2026-03-10 22:51:14.965 [info] > git config --get commit.template [2ms]
2026-03-10 22:51:14.973 [info] > git for-each-ref --format=%(refname)%00%(upstream:short)%00%(objectname)%00%(upstream:track)%00%(upstream:remotename)%00%(upstream:remoteref) refs/heads/main refs/remotes/main [1ms]
2026-03-10 22:51:14.977 [warning] [Git][revParse] Unable to read file: ENOENT: no such file or directory, open '/opt/lampp/htdocs/AU-AIS/.git/refs/remotes/origin/main'
2026-03-10 22:51:14.978 [info] > git rev-parse refs/remotes/origin/main [1ms]
2026-03-10 22:51:14.989 [info] > git status -z -uall [7ms]
2026-03-10 22:51:14.990 [info] > git for-each-ref --sort -committerdate --format %(refname)%00%(objectname)%00%(*objectname) [2ms]
2026-03-10 22:51:20.001 [info] > git config --get commit.template [5ms]
2026-03-10 22:51:20.001 [info] > git for-each-ref --format=%(refname)%00%(upstream:short)%00%(objectname)%00%(upstream:track)%00%(upstream:remotename)%00%(upstream:remoteref) refs/heads/main refs/remotes/main [1ms]
2026-03-10 22:51:20.005 [warning] [Git][revParse] Unable to read file: ENOENT: no such file or directory, open '/opt/lampp/htdocs/AU-AIS/.git/refs/remotes/origin/main'
2026-03-10 22:51:20.006 [info] > git rev-parse refs/remotes/origin/main [1ms]
2026-03-10 22:51:20.013 [info] > git status -z -uall [4ms]
2026-03-10 22:51:20.013 [info] > git for-each-ref --sort -committerdate --format %(refname)%00%(objectname)%00%(*objectname) [1ms]
2026-03-10 22:52:11.296 [info] > git config --get commit.template [8ms]
2026-03-10 22:52:11.297 [info] > git for-each-ref --format=%(refname)%00%(upstream:short)%00%(objectname)%00%(upstream:track)%00%(upstream:remotename)%00%(upstream:remoteref) refs/heads/main refs/remotes/main [1ms]
2026-03-10 22:52:11.300 [warning] [Git][revParse] Unable to read file: ENOENT: no such file or directory, open '/opt/lampp/htdocs/AU-AIS/.git/refs/remotes/origin/main'
2026-03-10 22:52:11.300 [info] > git rev-parse refs/remotes/origin/main [0ms]
2026-03-10 22:52:11.311 [info] > git status -z -uall [8ms]
2026-03-10 22:52:11.312 [info] > git for-each-ref --sort -committerdate --format %(refname)%00%(objectname)%00%(*objectname) [3ms]
2026-03-10 22:52:19.396 [info] > git check-ignore -v -z --stdin [2ms]
2026-03-10 22:52:19.534 [info] > git check-ignore -v -z --stdin [1ms]
2026-03-10 22:52:19.654 [info] > git show --textconv :resources/views/layout/base.blade.php [9ms]
2026-03-10 22:52:19.654 [info] > git ls-files --stage -- resources/views/layout/base.blade.php [1ms]
2026-03-10 22:52:19.667 [info] > git cat-file -s e0b27e2330eddf57b785865699f96bde657561c4 [2ms]
2026-03-10 22:52:25.870 [info] > git config --get commit.template [3ms]
2026-03-10 22:52:25.871 [info] > git for-each-ref --format=%(refname)%00%(upstream:short)%00%(objectname)%00%(upstream:track)%00%(upstream:remotename)%00%(upstream:remoteref) refs/heads/main refs/remotes/main [1ms]
2026-03-10 22:52:25.878 [warning] [Git][revParse] Unable to read file: ENOENT: no such file or directory, open '/opt/lampp/htdocs/AU-AIS/.git/refs/remotes/origin/main'
2026-03-10 22:52:25.878 [info] > git rev-parse refs/remotes/origin/main [1ms]
2026-03-10 22:52:25.885 [info] > git status -z -uall [4ms]
2026-03-10 22:52:25.885 [info] > git for-each-ref --sort -committerdate --format %(refname)%00%(objectname)%00%(*objectname) [1ms]
2026-03-10 22:53:00.754 [info] > git config --get commit.template [4ms]
2026-03-10 22:53:00.754 [info] > git for-each-ref --format=%(refname)%00%(upstream:short)%00%(objectname)%00%(upstream:track)%00%(upstream:remotename)%00%(upstream:remoteref) refs/heads/main refs/remotes/main [1ms]
2026-03-10 22:53:00.757 [warning] [Git][revParse] Unable to read file: ENOENT: no such file or directory, open '/opt/lampp/htdocs/AU-AIS/.git/refs/remotes/origin/main'
2026-03-10 22:53:00.758 [info] > git rev-parse refs/remotes/origin/main [1ms]
2026-03-10 22:53:00.764 [info] > git status -z -uall [3ms]
2026-03-10 22:53:00.765 [info] > git for-each-ref --sort -committerdate --format %(refname)%00%(objectname)%00%(*objectname) [1ms]
2026-03-10 22:53:01.084 [info] > git show --textconv HEAD:resources/views/layout/base.blade.php [7ms]
2026-03-10 22:53:01.085 [info] > git ls-tree -l HEAD -- resources/views/layout/base.blade.php [1ms]
2026-03-10 22:53:38.144 [info] > git config --get commit.template [3ms]
2026-03-10 22:53:38.145 [info] > git for-each-ref --format=%(refname)%00%(upstream:short)%00%(objectname)%00%(upstream:track)%00%(upstream:remotename)%00%(upstream:remoteref) refs/heads/main refs/remotes/main [1ms]
2026-03-10 22:53:38.148 [warning] [Git][revParse] Unable to read file: ENOENT: no such file or directory, open '/opt/lampp/htdocs/AU-AIS/.git/refs/remotes/origin/main'
2026-03-10 22:53:38.148 [info] > git rev-parse refs/remotes/origin/main [0ms]
2026-03-10 22:53:38.155 [info] > git status -z -uall [4ms]
2026-03-10 22:53:38.156 [info] > git for-each-ref --sort -committerdate --format %(refname)%00%(objectname)%00%(*objectname) [1ms]
2026-03-10 22:54:45.074 [info] > git config --get commit.template [3ms]
2026-03-10 22:54:45.075 [info] > git for-each-ref --format=%(refname)%00%(upstream:short)%00%(objectname)%00%(upstream:track)%00%(upstream:remotename)%00%(upstream:remoteref) refs/heads/main refs/remotes/main [1ms]
2026-03-10 22:54:45.078 [warning] [Git][revParse] Unable to read file: ENOENT: no such file or directory, open '/opt/lampp/htdocs/AU-AIS/.git/refs/remotes/origin/main'
2026-03-10 22:54:45.078 [info] > git rev-parse refs/remotes/origin/main [0ms]
2026-03-10 22:54:45.089 [info] > git status -z -uall [8ms]
2026-03-10 22:54:45.091 [info] > git for-each-ref --sort -committerdate --format %(refname)%00%(objectname)%00%(*objectname) [3ms]
2026-03-10 22:54:45.107 [info] > git blame --root --incremental 3a6b52523ce57214880a76a3b648a980c415cae6 -- resources/views/layout/base.blade.php [6ms]
2026-03-10 22:54:45.109 [info] > git merge-base refs/heads/main refs/remotes/origin/main [4ms]
2026-03-10 22:54:45.113 [info] > git diff --name-status -z --diff-filter=ADMR --find-renames=50% 18135e86ca3f1bf0ecf196b74b2ff312b2e30216...refs/remotes/origin/main -- [1ms]
2026-03-10 22:54:54.530 [info] > git config --get commit.template [3ms]
2026-03-10 22:54:54.530 [info] > git for-each-ref --format=%(refname)%00%(upstream:short)%00%(objectname)%00%(upstream:track)%00%(upstream:remotename)%00%(upstream:remoteref) refs/heads/main refs/remotes/main [0ms]
2026-03-10 22:54:54.538 [info] > git status -z -uall [4ms]
2026-03-10 22:54:54.538 [info] > git for-each-ref --sort -committerdate --format %(refname)%00%(objectname)%00%(*objectname) [1ms]
2026-03-10 22:54:54.547 [info] > git merge-base refs/heads/main refs/remotes/origin/main [2ms]
2026-03-10 22:54:54.552 [info] > git diff --name-status -z --diff-filter=ADMR --find-renames=50% 3a6b52523ce57214880a76a3b648a980c415cae6...refs/remotes/origin/main -- [1ms]
2026-03-10 22:56:45.443 [info] > git ls-tree -l HEAD -- routes/web.php [9ms]
2026-03-10 22:56:45.444 [info] > git ls-files --stage -- resources/views/layout/base.blade.php [2ms]
2026-03-10 22:56:45.463 [info] > git cat-file -s c39a35046434f008f702f91ae26215cbfa000c11 [4ms]
2026-03-10 22:56:45.476 [info] > git show --textconv HEAD:routes/web.php [6ms]
2026-03-10 22:56:45.482 [info] > git show --textconv :resources/views/layout/base.blade.php [7ms]
2026-03-10 22:56:46.430 [info] > git config --get commit.template [4ms]
2026-03-10 22:56:46.431 [info] > git for-each-ref --format=%(refname)%00%(upstream:short)%00%(objectname)%00%(upstream:track)%00%(upstream:remotename)%00%(upstream:remoteref) refs/heads/main refs/remotes/main [1ms]
2026-03-10 22:56:46.438 [info] > git status -z -uall [4ms]
2026-03-10 22:56:46.439 [info] > git for-each-ref --sort -committerdate --format %(refname)%00%(objectname)%00%(*objectname) [1ms]
2026-03-10 22:57:54.341 [info] > git config --get commit.template [4ms]
2026-03-10 22:57:54.341 [info] > git for-each-ref --format=%(refname)%00%(upstream:short)%00%(objectname)%00%(upstream:track)%00%(upstream:remotename)%00%(upstream:remoteref) refs/heads/main refs/remotes/main [1ms]
2026-03-10 22:57:54.350 [info] > git status -z -uall [5ms]
2026-03-10 22:57:54.351 [info] > git for-each-ref --sort -committerdate --format %(refname)%00%(objectname)%00%(*objectname) [2ms]
2026-03-10 23:05:34.896 [info] > git config --get commit.template [4ms]
2026-03-10 23:05:34.896 [info] > git for-each-ref --format=%(refname)%00%(upstream:short)%00%(objectname)%00%(upstream:track)%00%(upstream:remotename)%00%(upstream:remoteref) refs/heads/main refs/remotes/main [1ms]
2026-03-10 23:05:34.903 [info] > git status -z -uall [4ms]
2026-03-10 23:05:34.904 [info] > git for-each-ref --sort -committerdate --format %(refname)%00%(objectname)%00%(*objectname) [2ms]
2026-03-10 23:10:11.831 [info] > git config --get commit.template [4ms]
2026-03-10 23:10:11.831 [info] > git for-each-ref --format=%(refname)%00%(upstream:short)%00%(objectname)%00%(upstream:track)%00%(upstream:remotename)%00%(upstream:remoteref) refs/heads/main refs/remotes/main [0ms]
2026-03-10 23:10:11.838 [info] > git status -z -uall [4ms]
2026-03-10 23:10:11.839 [info] > git for-each-ref --sort -committerdate --format %(refname)%00%(objectname)%00%(*objectname) [1ms]
2026-03-10 23:11:16.800 [info] > git config --get commit.template [3ms]
2026-03-10 23:11:16.801 [info] > git for-each-ref --format=%(refname)%00%(upstream:short)%00%(objectname)%00%(upstream:track)%00%(upstream:remotename)%00%(upstream:remoteref) refs/heads/main refs/remotes/main [1ms]
2026-03-10 23:11:16.809 [info] > git status -z -uall [4ms]
2026-03-10 23:11:16.809 [info] > git for-each-ref --sort -committerdate --format %(refname)%00%(objectname)%00%(*objectname) [2ms]
2026-03-10 23:11:27.257 [info] > git config --get commit.template [4ms]
2026-03-10 23:11:27.257 [info] > git for-each-ref --format=%(refname)%00%(upstream:short)%00%(objectname)%00%(upstream:track)%00%(upstream:remotename)%00%(upstream:remoteref) refs/heads/main refs/remotes/main [1ms]
2026-03-10 23:11:27.270 [info] > git status -z -uall [6ms]
2026-03-10 23:11:27.271 [info] > git for-each-ref --sort -committerdate --format %(refname)%00%(objectname)%00%(*objectname) [1ms]
2026-03-10 23:12:01.131 [info] > git config --get commit.template [1ms]
2026-03-10 23:12:01.136 [info] > git for-each-ref --format=%(refname)%00%(upstream:short)%00%(objectname)%00%(upstream:track)%00%(upstream:remotename)%00%(upstream:remoteref) refs/heads/main refs/remotes/main [2ms]
2026-03-10 23:12:01.150 [info] > git status -z -uall [4ms]
2026-03-10 23:12:01.150 [info] > git for-each-ref --sort -committerdate --format %(refname)%00%(objectname)%00%(*objectname) [1ms]
2026-03-10 23:14:19.555 [info] > git config --get commit.template [4ms]
2026-03-10 23:14:19.556 [info] > git for-each-ref --format=%(refname)%00%(upstream:short)%00%(objectname)%00%(upstream:track)%00%(upstream:remotename)%00%(upstream:remoteref) refs/heads/main refs/remotes/main [2ms]
2026-03-10 23:14:19.563 [info] > git status -z -uall [4ms]
2026-03-10 23:14:19.564 [info] > git for-each-ref --sort -committerdate --format %(refname)%00%(objectname)%00%(*objectname) [1ms]
2026-03-10 23:14:50.025 [info] > git config --get commit.template [3ms]
2026-03-10 23:14:50.025 [info] > git for-each-ref --format=%(refname)%00%(upstream:short)%00%(objectname)%00%(upstream:track)%00%(upstream:remotename)%00%(upstream:remoteref) refs/heads/main refs/remotes/main [0ms]
2026-03-10 23:14:50.039 [info] > git status -z -uall [3ms]
2026-03-10 23:14:50.039 [info] > git for-each-ref --sort -committerdate --format %(refname)%00%(objectname)%00%(*objectname) [1ms]
2026-03-10 23:14:55.049 [info] > git config --get commit.template [3ms]
2026-03-10 23:14:55.050 [info] > git for-each-ref --format=%(refname)%00%(upstream:short)%00%(objectname)%00%(upstream:track)%00%(upstream:remotename)%00%(upstream:remoteref) refs/heads/main refs/remotes/main [1ms]
2026-03-10 23:14:55.056 [info] > git status -z -uall [3ms]
2026-03-10 23:14:55.057 [info] > git for-each-ref --sort -committerdate --format %(refname)%00%(objectname)%00%(*objectname) [1ms]
2026-03-10 23:15:40.151 [info] > git config --get commit.template [4ms]
2026-03-10 23:15:40.151 [info] > git for-each-ref --format=%(refname)%00%(upstream:short)%00%(objectname)%00%(upstream:track)%00%(upstream:remotename)%00%(upstream:remoteref) refs/heads/main refs/remotes/main [1ms]
2026-03-10 23:15:40.159 [info] > git status -z -uall [5ms]
2026-03-10 23:15:40.159 [info] > git for-each-ref --sort -committerdate --format %(refname)%00%(objectname)%00%(*objectname) [1ms]
2026-03-10 23:15:45.169 [info] > git config --get commit.template [4ms]
2026-03-10 23:15:45.169 [info] > git for-each-ref --format=%(refname)%00%(upstream:short)%00%(objectname)%00%(upstream:track)%00%(upstream:remotename)%00%(upstream:remoteref) refs/heads/main refs/remotes/main [1ms]
2026-03-10 23:15:45.176 [info] > git status -z -uall [4ms]
2026-03-10 23:15:45.176 [info] > git for-each-ref --sort -committerdate --format %(refname)%00%(objectname)%00%(*objectname) [1ms]
2026-03-10 23:16:20.514 [info] > git config --get commit.template [4ms]
2026-03-10 23:16:20.514 [info] > git for-each-ref --format=%(refname)%00%(upstream:short)%00%(objectname)%00%(upstream:track)%00%(upstream:remotename)%00%(upstream:remoteref) refs/heads/main refs/remotes/main [1ms]
2026-03-10 23:16:20.521 [info] > git status -z -uall [4ms]
2026-03-10 23:16:20.522 [info] > git for-each-ref --sort -committerdate --format %(refname)%00%(objectname)%00%(*objectname) [1ms]
2026-03-10 23:16:20.532 [info] > git merge-base refs/heads/main refs/remotes/origin/main [1ms]
2026-03-10 23:16:20.536 [info] > git blame --root --incremental 7f40b08218aa3e19a1d660982a1f9bea437e705f -- resources/views/layout/base.blade.php [9ms]
2026-03-10 23:16:20.537 [info] > git diff --name-status -z --diff-filter=ADMR --find-renames=50% 3a6b52523ce57214880a76a3b648a980c415cae6...refs/remotes/origin/main -- [1ms]
2026-03-10 23:16:25.539 [info] > git config --get commit.template [3ms]
2026-03-10 23:16:25.539 [info] > git for-each-ref --format=%(refname)%00%(upstream:short)%00%(objectname)%00%(upstream:track)%00%(upstream:remotename)%00%(upstream:remoteref) refs/heads/main refs/remotes/main [1ms]
2026-03-10 23:16:25.549 [info] > git status -z -uall [6ms]
2026-03-10 23:16:25.550 [info] > git for-each-ref --sort -committerdate --format %(refname)%00%(objectname)%00%(*objectname) [1ms]
2026-03-10 23:16:25.557 [info] > git merge-base refs/heads/main refs/remotes/origin/main [1ms]
2026-03-10 23:16:25.561 [info] > git diff --name-status -z --diff-filter=ADMR --find-renames=50% 7f40b08218aa3e19a1d660982a1f9bea437e705f...refs/remotes/origin/main -- [1ms]
2026-03-10 23:16:46.724 [info] > git config --get commit.template [3ms]
2026-03-10 23:16:46.725 [info] > git for-each-ref --format=%(refname)%00%(upstream:short)%00%(objectname)%00%(upstream:track)%00%(upstream:remotename)%00%(upstream:remoteref) refs/heads/main refs/remotes/main [1ms]
2026-03-10 23:16:46.739 [info] > git status -z -uall [5ms]
2026-03-10 23:16:46.739 [info] > git for-each-ref --sort -committerdate --format %(refname)%00%(objectname)%00%(*objectname) [1ms]
2026-03-10 23:16:51.748 [info] > git config --get commit.template [3ms]
2026-03-10 23:16:51.749 [info] > git for-each-ref --format=%(refname)%00%(upstream:short)%00%(objectname)%00%(upstream:track)%00%(upstream:remotename)%00%(upstream:remoteref) refs/heads/main refs/remotes/main [1ms]
2026-03-10 23:16:51.756 [info] > git status -z -uall [4ms]
2026-03-10 23:16:51.757 [info] > git for-each-ref --sort -committerdate --format %(refname)%00%(objectname)%00%(*objectname) [1ms]
2026-03-10 23:17:30.836 [info] > git config --get commit.template [4ms]
2026-03-10 23:17:30.836 [info] > git for-each-ref --format=%(refname)%00%(upstream:short)%00%(objectname)%00%(upstream:track)%00%(upstream:remotename)%00%(upstream:remoteref) refs/heads/main refs/remotes/main [0ms]
2026-03-10 23:17:30.843 [info] > git status -z -uall [3ms]
2026-03-10 23:17:30.844 [info] > git for-each-ref --sort -committerdate --format %(refname)%00%(objectname)%00%(*objectname) [1ms]
2026-03-10 23:17:42.594 [info] > git config --get commit.template [3ms]
2026-03-10 23:17:42.594 [info] > git for-each-ref --format=%(refname)%00%(upstream:short)%00%(objectname)%00%(upstream:track)%00%(upstream:remotename)%00%(upstream:remoteref) refs/heads/main refs/remotes/main [1ms]
2026-03-10 23:17:42.601 [info] > git status -z -uall [4ms]
2026-03-10 23:17:42.602 [info] > git for-each-ref --sort -committerdate --format %(refname)%00%(objectname)%00%(*objectname) [1ms]
2026-03-10 23:17:57.956 [info] > git config --get commit.template [4ms]
2026-03-10 23:17:57.957 [info] > git for-each-ref --format=%(refname)%00%(upstream:short)%00%(objectname)%00%(upstream:track)%00%(upstream:remotename)%00%(upstream:remoteref) refs/heads/main refs/remotes/main [1ms]
2026-03-10 23:17:57.966 [info] > git status -z -uall [5ms]
2026-03-10 23:17:57.967 [info] > git for-each-ref --sort -committerdate --format %(refname)%00%(objectname)%00%(*objectname) [1ms]
2026-03-10 23:18:02.977 [info] > git config --get commit.template [3ms]
2026-03-10 23:18:02.978 [info] > git for-each-ref --format=%(refname)%00%(upstream:short)%00%(objectname)%00%(upstream:track)%00%(upstream:remotename)%00%(upstream:remoteref) refs/heads/main refs/remotes/main [1ms]
2026-03-10 23:18:02.985 [info] > git status -z -uall [4ms]
2026-03-10 23:18:02.986 [info] > git for-each-ref --sort -committerdate --format %(refname)%00%(objectname)%00%(*objectname) [1ms]
2026-03-10 23:18:23.744 [info] > git config --get commit.template [3ms]
2026-03-10 23:18:23.745 [info] > git for-each-ref --format=%(refname)%00%(upstream:short)%00%(objectname)%00%(upstream:track)%00%(upstream:remotename)%00%(upstream:remoteref) refs/heads/main refs/remotes/main [1ms]
2026-03-10 23:18:23.752 [info] > git status -z -uall [4ms]
2026-03-10 23:18:23.753 [info] > git for-each-ref --sort -committerdate --format %(refname)%00%(objectname)%00%(*objectname) [1ms]
2026-03-10 23:18:23.763 [info] > git merge-base refs/heads/main refs/remotes/origin/main [2ms]
2026-03-10 23:18:23.767 [info] > git blame --root --incremental 70a401d857fc13106dcc5b2c1602a1eb65ac19f7 -- resources/views/layout/base.blade.php [9ms]
2026-03-10 23:18:23.768 [info] > git diff --name-status -z --diff-filter=ADMR --find-renames=50% 7f40b08218aa3e19a1d660982a1f9bea437e705f...refs/remotes/origin/main -- [2ms]
2026-03-10 23:18:28.770 [info] > git config --get commit.template [3ms]
2026-03-10 23:18:28.771 [info] > git for-each-ref --format=%(refname)%00%(upstream:short)%00%(objectname)%00%(upstream:track)%00%(upstream:remotename)%00%(upstream:remoteref) refs/heads/main refs/remotes/main [1ms]
2026-03-10 23:18:28.778 [info] > git status -z -uall [4ms]
2026-03-10 23:18:28.779 [info] > git for-each-ref --sort -committerdate --format %(refname)%00%(objectname)%00%(*objectname) [1ms]
2026-03-10 23:18:28.788 [info] > git merge-base refs/heads/main refs/remotes/origin/main [2ms]
2026-03-10 23:18:28.792 [info] > git diff --name-status -z --diff-filter=ADMR --find-renames=50% 70a401d857fc13106dcc5b2c1602a1eb65ac19f7...refs/remotes/origin/main -- [1ms]
2026-03-10 23:29:21.064 [info] > git config --get commit.template [5ms]
2026-03-10 23:29:21.064 [info] > git for-each-ref --format=%(refname)%00%(upstream:short)%00%(objectname)%00%(upstream:track)%00%(upstream:remotename)%00%(upstream:remoteref) refs/heads/main refs/remotes/main [2ms]
2026-03-10 23:29:21.073 [info] > git status -z -uall [5ms]
2026-03-10 23:29:21.073 [info] > git for-each-ref --sort -committerdate --format %(refname)%00%(objectname)%00%(*objectname) [1ms]
2026-03-10 23:29:26.092 [info] > git config --get commit.template [10ms]
2026-03-10 23:29:26.092 [info] > git for-each-ref --format=%(refname)%00%(upstream:short)%00%(objectname)%00%(upstream:track)%00%(upstream:remotename)%00%(upstream:remoteref) refs/heads/main refs/remotes/main [2ms]
2026-03-10 23:29:26.109 [info] > git status -z -uall [11ms]
2026-03-10 23:29:26.110 [info] > git for-each-ref --sort -committerdate --format %(refname)%00%(objectname)%00%(*objectname) [2ms]
2026-03-10 23:29:31.117 [info] > git config --get commit.template [1ms]
2026-03-10 23:29:31.127 [info] > git for-each-ref --format=%(refname)%00%(upstream:short)%00%(objectname)%00%(upstream:track)%00%(upstream:remotename)%00%(upstream:remoteref) refs/heads/main refs/remotes/main [1ms]
2026-03-10 23:29:31.134 [info] > git status -z -uall [4ms]
2026-03-10 23:29:31.139 [info] > git for-each-ref --sort -committerdate --format %(refname)%00%(objectname)%00%(*objectname) [6ms]
2026-03-10 23:29:36.153 [info] > git config --get commit.template [5ms]
2026-03-10 23:29:36.153 [info] > git for-each-ref --format=%(refname)%00%(upstream:short)%00%(objectname)%00%(upstream:track)%00%(upstream:remotename)%00%(upstream:remoteref) refs/heads/main refs/remotes/main [1ms]
2026-03-10 23:29:36.162 [info] > git status -z -uall [4ms]
2026-03-10 23:29:36.162 [info] > git for-each-ref --sort -committerdate --format %(refname)%00%(objectname)%00%(*objectname) [1ms]
2026-03-10 23:32:11.366 [info] > git config --get commit.template [3ms]
2026-03-10 23:32:11.367 [info] > git for-each-ref --format=%(refname)%00%(upstream:short)%00%(objectname)%00%(upstream:track)%00%(upstream:remotename)%00%(upstream:remoteref) refs/heads/main refs/remotes/main [1ms]
2026-03-10 23:32:11.374 [info] > git status -z -uall [4ms]
2026-03-10 23:32:11.375 [info] > git for-each-ref --sort -committerdate --format %(refname)%00%(objectname)%00%(*objectname) [1ms]
2026-03-10 23:32:11.395 [info] > git check-ignore -v -z --stdin [1ms]
2026-03-10 23:32:19.680 [info] > git config --get commit.template [4ms]
2026-03-10 23:32:19.680 [info] > git for-each-ref --format=%(refname)%00%(upstream:short)%00%(objectname)%00%(upstream:track)%00%(upstream:remotename)%00%(upstream:remoteref) refs/heads/main refs/remotes/main [1ms]
2026-03-10 23:32:19.687 [info] > git status -z -uall [3ms]
2026-03-10 23:32:19.688 [info] > git for-each-ref --sort -committerdate --format %(refname)%00%(objectname)%00%(*objectname) [1ms]
2026-03-10 23:44:31.035 [info] > git ls-tree -l HEAD -- routes/web.php [5ms]
2026-03-10 23:44:31.039 [info] > git ls-files --stage -- resources/views/layout/base.blade.php [3ms]
2026-03-10 23:44:31.062 [info] > git cat-file -s c39a35046434f008f702f91ae26215cbfa000c11 [9ms]
2026-03-10 23:44:31.063 [info] > git show --textconv HEAD:routes/web.php [2ms]
2026-03-10 23:44:31.133 [info] > git show --textconv :resources/views/layout/base.blade.php [2ms]
2026-03-10 23:44:32.033 [info] > git config --get commit.template [3ms]
2026-03-10 23:44:32.034 [info] > git for-each-ref --format=%(refname)%00%(upstream:short)%00%(objectname)%00%(upstream:track)%00%(upstream:remotename)%00%(upstream:remoteref) refs/heads/main refs/remotes/main [1ms]
2026-03-10 23:44:32.041 [info] > git status -z -uall [4ms]
2026-03-10 23:44:32.042 [info] > git for-each-ref --sort -committerdate --format %(refname)%00%(objectname)%00%(*objectname) [2ms]
2026-03-11 00:31:39.091 [info] > git config --get commit.template [3ms]
2026-03-11 00:31:39.092 [info] > git for-each-ref --format=%(refname)%00%(upstream:short)%00%(objectname)%00%(upstream:track)%00%(upstream:remotename)%00%(upstream:remoteref) refs/heads/main refs/remotes/main [6ms]
2026-03-11 00:31:39.099 [info] > git status -z -uall [4ms]
2026-03-11 00:31:39.100 [info] > git for-each-ref --sort -committerdate --format %(refname)%00%(objectname)%00%(*objectname) [2ms]
