2026-03-10 22:14:55.042 [info] Reading sessions from keychain...
2026-03-10 22:14:55.042 [info] Getting sessions for all scopes...
2026-03-10 22:14:55.042 [info] Got 0 sessions for ...
2026-03-10 22:14:55.042 [info] Getting sessions for all scopes...
2026-03-10 22:14:55.042 [info] Got 0 sessions for ...
2026-03-10 22:14:55.042 [info] Getting sessions for all scopes...
2026-03-10 22:14:55.042 [info] Got 0 sessions for ...
2026-03-10 22:14:55.042 [info] Getting sessions for read:user,repo,user:email,workflow...
2026-03-10 22:14:55.042 [info] Got 0 sessions for read:user,repo,user:email,workflow...
2026-03-10 22:14:55.115 [info] Getting sessions for all scopes...
2026-03-10 22:14:55.115 [info] Got 0 sessions for ...
2026-03-10 22:14:55.311 [info] Getting sessions for all scopes...
2026-03-10 22:14:55.311 [info] Got 0 sessions for ...
2026-03-10 22:14:55.323 [info] Getting sessions for all scopes...
2026-03-10 22:14:55.323 [info] Got 0 sessions for ...
2026-03-10 22:14:55.373 [info] Getting sessions for all scopes...
2026-03-10 22:14:55.373 [info] Got 0 sessions for ...
2026-03-10 22:35:39.687 [info] Getting sessions for read:user,repo,user:email,workflow...
2026-03-10 22:35:39.687 [info] Got 0 sessions for read:user,repo,user:email,workflow...
2026-03-11 00:24:39.743 [info] Getting sessions for all scopes...
2026-03-11 00:24:39.743 [info] Got 0 sessions for ...
