2026-03-09 16:22:59.869 [info] Extension host with pid 49452 started
2026-03-09 16:22:59.869 [info] Skipping acquiring lock for /home/jerdan/.config/Antigravity/User/workspaceStorage/18ca98f7de3627148ed6c211a2a63793.
2026-03-09 16:23:00.123 [info] ExtensionService#_doActivateExtension mechatroner.rainbow-csv, startup: false, activationEvent: 'onLanguage:plaintext'
2026-03-09 16:23:00.146 [info] ExtensionService#_doActivateExtension vscode.emmet, startup: false, activationEvent: 'onLanguage'
2026-03-09 16:23:00.171 [info] ExtensionService#_doActivateExtension vscode.php-language-features, startup: false, activationEvent: 'onLanguage:php'
2026-03-09 16:23:00.187 [info] ExtensionService#_doActivateExtension bmewburn.vscode-intelephense-client, startup: false, activationEvent: 'onLanguage:php'
2026-03-09 16:23:01.025 [info] ExtensionService#_doActivateExtension vscode.git-base, startup: true, activationEvent: '*', root cause: google.antigravity
2026-03-09 16:23:01.035 [info] ExtensionService#_doActivateExtension vscode.npm, startup: true, activationEvent: 'workspaceContains:package.json'
2026-03-09 16:23:01.072 [info] ExtensionService#_doActivateExtension DEVSENSE.composer-php-vscode, startup: true, activationEvent: 'workspaceContains:composer.json'
2026-03-09 16:23:01.163 [info] ExtensionService#_doActivateExtension vscode.git, startup: true, activationEvent: '*', root cause: google.antigravity
2026-03-09 16:23:01.255 [info] ExtensionService#_doActivateExtension vscode.github, startup: true, activationEvent: '*'
2026-03-09 16:23:01.468 [info] ExtensionService#_doActivateExtension google.antigravity, startup: true, activationEvent: '*'
2026-03-09 16:23:01.986 [info] Extension host terminating: renderer closed the MessagePort
2026-03-09 16:23:01.997 [error] An error occurred when disposing the subscriptions for extension 'bmewburn.vscode-intelephense-client':
2026-03-09 16:23:01.997 [error] TypeError: Cannot read private member #e from an object whose class did not declare it
	at Object.dispose (file:///usr/lib/antigravity/out/vs/workbench/api/node/extensionHostProcess.js:113:29038)
	at Xn (file:///usr/lib/antigravity/out/vs/workbench/api/node/extensionHostProcess.js:25:748)
	at WK.b (file:///usr/lib/antigravity/out/vs/workbench/api/node/extensionHostProcess.js:122:16518)
	at WK.dispose (file:///usr/lib/antigravity/out/vs/workbench/api/node/extensionHostProcess.js:25:1229)
	at W0e.eb (file:///usr/lib/antigravity/out/vs/workbench/api/node/extensionHostProcess.js:122:13292)
	at file:///usr/lib/antigravity/out/vs/workbench/api/node/extensionHostProcess.js:122:11245
	at Array.map (<anonymous>)
	at W0e.$ (file:///usr/lib/antigravity/out/vs/workbench/api/node/extensionHostProcess.js:122:11233)
	at W0e.terminate (file:///usr/lib/antigravity/out/vs/workbench/api/node/extensionHostProcess.js:122:11476)
	at R8.terminate (file:///usr/lib/antigravity/out/vs/workbench/api/node/extensionHostProcess.js:124:921)
	at Gr (file:///usr/lib/antigravity/out/vs/workbench/api/node/extensionHostProcess.js:406:11403)
	at MessagePortMain.<anonymous> (file:///usr/lib/antigravity/out/vs/workbench/api/node/extensionHostProcess.js:406:7614)
	at MessagePortMain.emit (node:events:519:28)
	at MessagePortMain.emit (node:domain:489:12)
	at MessagePortMain._internalPort.emit (node:electron/js2c/utility_init:2:2959)
2026-03-09 16:23:01.998 [error] TypeError: Cannot read properties of undefined (reading 'trackEvent')
	at ES (/home/jerdan/.antigravity/extensions/devsense.composer-php-vscode-1.67.18520-universal/out/src/extension.js:43:6195)
	at Object.<anonymous> (/home/jerdan/.antigravity/extensions/devsense.composer-php-vscode-1.67.18520-universal/out/src/extension.js:43:6391)
	at Generator.next (<anonymous>)
	at /home/jerdan/.antigravity/extensions/devsense.composer-php-vscode-1.67.18520-universal/out/src/extension.js:1:832
	at new Promise (<anonymous>)
	at w (/home/jerdan/.antigravity/extensions/devsense.composer-php-vscode-1.67.18520-universal/out/src/extension.js:1:652)
	at Object.pF (/home/jerdan/.antigravity/extensions/devsense.composer-php-vscode-1.67.18520-universal/out/src/extension.js:43:6367)
	at W0e.eb (file:///usr/lib/antigravity/out/vs/workbench/api/node/extensionHostProcess.js:122:13097)
	at file:///usr/lib/antigravity/out/vs/workbench/api/node/extensionHostProcess.js:122:11245
	at Array.map (<anonymous>)
	at W0e.$ (file:///usr/lib/antigravity/out/vs/workbench/api/node/extensionHostProcess.js:122:11233)
	at W0e.terminate (file:///usr/lib/antigravity/out/vs/workbench/api/node/extensionHostProcess.js:122:11476)
	at R8.terminate (file:///usr/lib/antigravity/out/vs/workbench/api/node/extensionHostProcess.js:124:921)
	at Gr (file:///usr/lib/antigravity/out/vs/workbench/api/node/extensionHostProcess.js:406:11403)
	at MessagePortMain.<anonymous> (file:///usr/lib/antigravity/out/vs/workbench/api/node/extensionHostProcess.js:406:7614)
	at MessagePortMain.emit (node:events:519:28)
	at MessagePortMain.emit (node:domain:489:12)
	at MessagePortMain._internalPort.emit (node:electron/js2c/utility_init:2:2959)
2026-03-09 16:23:02.044 [info] Extension host with pid 49452 exiting with code 0
