2026-03-10 12:22:58 Loaded main app package /usr/lib/obsidian/obsidian.asar
2026-03-10 12:22:58 Checking for update using Github
2026-03-10 12:22:58 Success.
2026-03-10 12:22:58 Latest version is 1.12.4
2026-03-10 12:22:58 App is up to date.
2026-03-10 16:23:25 Loaded main app package /usr/lib/obsidian/obsidian.asar
2026-03-10 16:23:25 Checking for update using Github
2026-03-10 16:23:25 Success.
2026-03-10 16:23:25 Latest version is 1.12.4
2026-03-10 16:23:25 App is up to date.
2026-03-10 16:24:07 Loaded main app package /usr/lib/obsidian/obsidian.asar
2026-03-10 16:24:07 Checking for update using Github
2026-03-10 16:24:07 Success.
2026-03-10 16:24:07 Latest version is 1.12.4
2026-03-10 16:24:07 App is up to date.
2026-03-10 16:25:42 Loaded main app package /usr/lib/obsidian/obsidian.asar
2026-03-10 16:25:42 Checking for update using Github
2026-03-10 16:25:42 Success.
2026-03-10 16:25:42 Latest version is 1.12.4
2026-03-10 16:25:42 App is up to date.
2026-03-10 16:42:23 Loaded main app package /usr/lib/obsidian/obsidian.asar
2026-03-10 16:42:23 Checking for update using Github
2026-03-10 16:42:23 Success.
2026-03-10 16:42:23 Latest version is 1.12.4
2026-03-10 16:42:23 App is up to date.
