2026-03-08 13:28:12.017 [info] [main] Log level: Info
2026-03-08 13:28:12.017 [info] [main] Validating found git in: "git"
2026-03-08 13:28:12.017 [info] [main] Using git "2.53.0" from "git"
2026-03-08 13:28:12.017 [info] [Model][doInitialScan] Initial repository scan started
2026-03-08 13:28:12.017 [info] [Model][doInitialScan] Initial repository scan completed - repositories (0), closed repositories (0), parent repositories (0), unsafe repositories (0)
2026-03-08 22:17:24.877 [info] [main] Log level: Info
2026-03-08 22:17:24.877 [info] [main] Validating found git in: "git"
2026-03-08 22:17:24.877 [info] [main] Using git "2.53.0" from "git"
2026-03-08 22:17:24.877 [info] [Model][doInitialScan] Initial repository scan started
2026-03-08 22:17:24.877 [info] > git rev-parse --show-toplevel [17ms]
2026-03-08 22:17:24.947 [info] > git rev-parse --git-dir --git-common-dir --show-superproject-working-tree [261ms]
2026-03-08 22:17:24.966 [info] [Model][openRepository] Opened repository (path): /opt/lampp/htdocs/AU-AIS
2026-03-08 22:17:24.966 [info] [Model][openRepository] Opened repository (real path): /opt/lampp/htdocs/AU-AIS
2026-03-08 22:17:24.966 [info] [Model][openRepository] Opened repository (kind): repository
2026-03-08 22:17:25.035 [info] > git rev-parse --show-toplevel [29ms]
2026-03-08 22:17:25.036 [info] > git config --get commit.template [37ms]
2026-03-08 22:17:25.052 [info] > git for-each-ref --format=%(refname)%00%(upstream:short)%00%(objectname)%00%(upstream:track)%00%(upstream:remotename)%00%(upstream:remoteref) refs/heads/main refs/remotes/main [3ms]
2026-03-08 22:17:25.102 [info] > git status -z -uall [24ms]
2026-03-08 22:17:25.102 [info] > git rev-parse --show-toplevel [4ms]
2026-03-08 22:17:25.103 [info] > git for-each-ref --sort -committerdate --format %(refname)%00%(objectname)%00%(*objectname) [13ms]
2026-03-08 22:17:25.152 [info] > git for-each-ref --format=%(refname)%00%(upstream:short)%00%(objectname)%00%(upstream:track)%00%(upstream:remotename)%00%(upstream:remoteref) refs/heads/main refs/remotes/main [21ms]
2026-03-08 22:17:25.164 [info] > git config --get --local branch.main.vscode-merge-base [3ms]
2026-03-08 22:17:25.171 [info] > git config --get commit.template [21ms]
2026-03-08 22:17:25.172 [info] > git rev-parse --show-toplevel [28ms]
2026-03-08 22:17:25.185 [info] > git for-each-ref --format=%(refname)%00%(upstream:short)%00%(objectname)%00%(upstream:track)%00%(upstream:remotename)%00%(upstream:remoteref) refs/heads/origin/main refs/remotes/origin/main [15ms]
2026-03-08 22:17:25.206 [info] > git merge-base refs/heads/main refs/remotes/origin/main [12ms]
2026-03-08 22:17:25.216 [info] > git rev-parse --show-toplevel [33ms]
2026-03-08 22:17:25.231 [info] > git diff --name-status -z --diff-filter=ADMR --find-renames=50% ea49583880815a9a8ef474b6262543674a4d3a2c...refs/remotes/origin/main -- [15ms]
2026-03-08 22:17:25.231 [info] > git for-each-ref --format=%(refname)%00%(upstream:short)%00%(objectname)%00%(upstream:track)%00%(upstream:remotename)%00%(upstream:remoteref) refs/heads/main refs/remotes/main [27ms]
2026-03-08 22:17:25.240 [info] > git rev-parse --show-toplevel [11ms]
2026-03-08 22:17:25.382 [info] > git rev-parse --show-toplevel [86ms]
2026-03-08 22:17:25.385 [info] > git status -z -uall [19ms]
2026-03-08 22:17:25.479 [info] > git for-each-ref --sort -committerdate --format %(refname)%00%(objectname)%00%(*objectname) [98ms]
2026-03-08 22:17:25.493 [info] > git rev-parse --show-toplevel [18ms]
2026-03-08 22:17:25.520 [info] > git rev-parse --show-toplevel [19ms]
2026-03-08 22:17:25.529 [info] > git rev-parse --show-toplevel [1ms]
2026-03-08 22:17:25.537 [info] > git rev-parse --show-toplevel [1ms]
2026-03-08 22:17:25.547 [info] > git rev-parse --show-toplevel [1ms]
2026-03-08 22:17:25.559 [info] > git rev-parse --show-toplevel [5ms]
2026-03-08 22:17:25.561 [info] [Model][doInitialScan] Initial repository scan completed - repositories (1), closed repositories (0), parent repositories (0), unsafe repositories (0)
2026-03-08 22:17:25.779 [info] > git check-ignore -v -z --stdin [2ms]
2026-03-08 22:17:25.841 [info] > git show --textconv :config/app.php [13ms]
2026-03-08 22:17:25.841 [info] > git ls-files --stage -- config/app.php [6ms]
2026-03-08 22:17:25.852 [info] > git cat-file -s 0207e5dfba3e267f56da69fb09e271e647965adc [4ms]
2026-03-08 22:17:26.738 [info] > git check-ignore -v -z --stdin [3ms]
2026-03-08 22:17:30.097 [info] > git check-ignore -v -z --stdin [2ms]
2026-03-08 22:17:31.531 [info] > git check-ignore -v -z --stdin [1ms]
2026-03-08 22:17:32.058 [info] > git check-ignore -v -z --stdin [2ms]
2026-03-08 22:17:33.184 [info] > git check-ignore -v -z --stdin [2ms]
2026-03-08 22:17:33.657 [info] > git check-ignore -v -z --stdin [24ms]
2026-03-08 22:17:33.979 [info] > git check-ignore -v -z --stdin [2ms]
2026-03-08 22:17:34.108 [info] > git show --textconv :resources/views/emails/announcement.blade.php [29ms]
2026-03-08 22:17:34.114 [info] > git ls-files --stage -- resources/views/emails/announcement.blade.php [8ms]
2026-03-08 22:17:34.134 [info] > git cat-file -s 1fdac35e24dbaf87b2d75f6f42c5942111b68917 [3ms]
2026-03-08 22:17:36.461 [info] > git blame --root --incremental ea49583880815a9a8ef474b6262543674a4d3a2c -- resources/views/emails/announcement.blade.php [10ms]
2026-03-08 22:20:29.433 [info] > git config --get commit.template [12ms]
2026-03-08 22:20:29.435 [info] > git for-each-ref --format=%(refname)%00%(upstream:short)%00%(objectname)%00%(upstream:track)%00%(upstream:remotename)%00%(upstream:remoteref) refs/heads/main refs/remotes/main [4ms]
2026-03-08 22:20:29.470 [info] > git status -z -uall [22ms]
2026-03-08 22:20:29.470 [info] > git for-each-ref --sort -committerdate --format %(refname)%00%(objectname)%00%(*objectname) [8ms]
2026-03-08 22:21:12.176 [info] > git config --get commit.template [11ms]
2026-03-08 22:21:12.178 [info] > git for-each-ref --format=%(refname)%00%(upstream:short)%00%(objectname)%00%(upstream:track)%00%(upstream:remotename)%00%(upstream:remoteref) refs/heads/main refs/remotes/main [5ms]
2026-03-08 22:21:12.203 [info] > git status -z -uall [15ms]
2026-03-08 22:21:12.205 [info] > git for-each-ref --sort -committerdate --format %(refname)%00%(objectname)%00%(*objectname) [3ms]
2026-03-08 22:21:12.540 [info] > git show --textconv HEAD:resources/views/emails/announcement.blade.php [10ms]
2026-03-08 22:21:12.541 [info] > git ls-tree -l HEAD -- resources/views/emails/announcement.blade.php [3ms]
2026-03-08 22:21:28.329 [info] > git config --get commit.template [4ms]
2026-03-08 22:21:28.339 [info] > git for-each-ref --format=%(refname)%00%(upstream:short)%00%(objectname)%00%(upstream:track)%00%(upstream:remotename)%00%(upstream:remoteref) refs/heads/main refs/remotes/main [2ms]
2026-03-08 22:21:28.360 [info] > git status -z -uall [11ms]
2026-03-08 22:21:28.362 [info] > git for-each-ref --sort -committerdate --format %(refname)%00%(objectname)%00%(*objectname) [5ms]
2026-03-08 22:21:28.390 [info] > git blame --root --incremental 14f7c815704aa5dd5c4628850b334f41fad2cea9 -- resources/views/emails/announcement.blade.php [12ms]
2026-03-08 22:21:28.396 [info] > git merge-base refs/heads/main refs/remotes/origin/main [7ms]
2026-03-08 22:21:28.407 [info] > git diff --name-status -z --diff-filter=ADMR --find-renames=50% ea49583880815a9a8ef474b6262543674a4d3a2c...refs/remotes/origin/main -- [3ms]
2026-03-08 22:21:33.419 [info] > git config --get commit.template [14ms]
2026-03-08 22:21:33.420 [info] > git for-each-ref --format=%(refname)%00%(upstream:short)%00%(objectname)%00%(upstream:track)%00%(upstream:remotename)%00%(upstream:remoteref) refs/heads/main refs/remotes/main [2ms]
2026-03-08 22:21:33.448 [info] > git status -z -uall [14ms]
2026-03-08 22:21:33.450 [info] > git for-each-ref --sort -committerdate --format %(refname)%00%(objectname)%00%(*objectname) [3ms]
2026-03-08 22:21:38.483 [info] > git config --get commit.template [13ms]
2026-03-08 22:21:38.485 [info] > git for-each-ref --format=%(refname)%00%(upstream:short)%00%(objectname)%00%(upstream:track)%00%(upstream:remotename)%00%(upstream:remoteref) refs/heads/main refs/remotes/main [3ms]
2026-03-08 22:21:38.508 [info] > git status -z -uall [11ms]
2026-03-08 22:21:38.510 [info] > git for-each-ref --sort -committerdate --format %(refname)%00%(objectname)%00%(*objectname) [4ms]
2026-03-08 22:21:43.538 [info] > git config --get commit.template [10ms]
2026-03-08 22:21:43.540 [info] > git for-each-ref --format=%(refname)%00%(upstream:short)%00%(objectname)%00%(upstream:track)%00%(upstream:remotename)%00%(upstream:remoteref) refs/heads/main refs/remotes/main [3ms]
2026-03-08 22:21:43.562 [info] > git status -z -uall [12ms]
2026-03-08 22:21:43.564 [info] > git for-each-ref --sort -committerdate --format %(refname)%00%(objectname)%00%(*objectname) [3ms]
2026-03-08 22:21:43.592 [info] > git merge-base refs/heads/main refs/remotes/origin/main [6ms]
2026-03-08 22:21:43.605 [info] > git diff --name-status -z --diff-filter=ADMR --find-renames=50% 14f7c815704aa5dd5c4628850b334f41fad2cea9...refs/remotes/origin/main -- [4ms]
2026-03-08 22:21:47.339 [info] > git ls-files --stage -- resources/views/emails/announcement.blade.php [4ms]
2026-03-08 22:21:47.350 [info] > git cat-file -s 2776ab747bf42a645b83f26bc70c3a986e2e6cf3 [2ms]
2026-03-08 22:21:47.378 [info] > git show --textconv :resources/views/emails/announcement.blade.php [3ms]
2026-03-08 22:24:02.155 [info] > git config --get commit.template [6ms]
2026-03-08 22:24:02.175 [info] > git for-each-ref --format=%(refname)%00%(upstream:short)%00%(objectname)%00%(upstream:track)%00%(upstream:remotename)%00%(upstream:remoteref) refs/heads/main refs/remotes/main [6ms]
2026-03-08 22:24:02.201 [info] > git status -z -uall [14ms]
2026-03-08 22:24:02.203 [info] > git for-each-ref --sort -committerdate --format %(refname)%00%(objectname)%00%(*objectname) [3ms]
2026-03-08 22:24:41.375 [info] > git config --get commit.template [13ms]
2026-03-08 22:24:41.377 [info] > git for-each-ref --format=%(refname)%00%(upstream:short)%00%(objectname)%00%(upstream:track)%00%(upstream:remotename)%00%(upstream:remoteref) refs/heads/main refs/remotes/main [3ms]
2026-03-08 22:24:41.406 [info] > git status -z -uall [15ms]
2026-03-08 22:24:41.409 [info] > git for-each-ref --sort -committerdate --format %(refname)%00%(objectname)%00%(*objectname) [4ms]
2026-03-08 22:24:55.705 [info] > git config --get commit.template [11ms]
2026-03-08 22:24:55.706 [info] > git for-each-ref --format=%(refname)%00%(upstream:short)%00%(objectname)%00%(upstream:track)%00%(upstream:remotename)%00%(upstream:remoteref) refs/heads/main refs/remotes/main [2ms]
2026-03-08 22:24:55.723 [info] > git status -z -uall [11ms]
2026-03-08 22:24:55.724 [info] > git for-each-ref --sort -committerdate --format %(refname)%00%(objectname)%00%(*objectname) [1ms]
2026-03-08 22:25:00.751 [info] > git config --get commit.template [11ms]
2026-03-08 22:25:00.753 [info] > git for-each-ref --format=%(refname)%00%(upstream:short)%00%(objectname)%00%(upstream:track)%00%(upstream:remotename)%00%(upstream:remoteref) refs/heads/main refs/remotes/main [3ms]
2026-03-08 22:25:00.770 [info] > git status -z -uall [6ms]
2026-03-08 22:25:00.771 [info] > git for-each-ref --sort -committerdate --format %(refname)%00%(objectname)%00%(*objectname) [1ms]
2026-03-08 22:25:16.629 [info] > git config --get commit.template [4ms]
2026-03-08 22:25:16.640 [info] > git for-each-ref --format=%(refname)%00%(upstream:short)%00%(objectname)%00%(upstream:track)%00%(upstream:remotename)%00%(upstream:remoteref) refs/heads/main refs/remotes/main [3ms]
2026-03-08 22:25:16.662 [info] > git status -z -uall [12ms]
2026-03-08 22:25:16.663 [info] > git for-each-ref --sort -committerdate --format %(refname)%00%(objectname)%00%(*objectname) [3ms]
2026-03-08 22:25:59.029 [info] > git config --get commit.template [14ms]
2026-03-08 22:25:59.030 [info] > git for-each-ref --format=%(refname)%00%(upstream:short)%00%(objectname)%00%(upstream:track)%00%(upstream:remotename)%00%(upstream:remoteref) refs/heads/main refs/remotes/main [3ms]
2026-03-08 22:25:59.053 [info] > git status -z -uall [11ms]
2026-03-08 22:25:59.056 [info] > git for-each-ref --sort -committerdate --format %(refname)%00%(objectname)%00%(*objectname) [5ms]
2026-03-08 22:26:04.085 [info] > git config --get commit.template [11ms]
2026-03-08 22:26:04.087 [info] > git for-each-ref --format=%(refname)%00%(upstream:short)%00%(objectname)%00%(upstream:track)%00%(upstream:remotename)%00%(upstream:remoteref) refs/heads/main refs/remotes/main [3ms]
2026-03-08 22:26:04.120 [info] > git status -z -uall [18ms]
2026-03-08 22:26:04.129 [info] > git for-each-ref --sort -committerdate --format %(refname)%00%(objectname)%00%(*objectname) [11ms]
2026-03-08 22:27:19.247 [info] > git config --get commit.template [13ms]
2026-03-08 22:27:19.253 [info] > git for-each-ref --format=%(refname)%00%(upstream:short)%00%(objectname)%00%(upstream:track)%00%(upstream:remotename)%00%(upstream:remoteref) refs/heads/main refs/remotes/main [8ms]
2026-03-08 22:27:19.282 [info] > git status -z -uall [17ms]
2026-03-08 22:27:19.284 [info] > git for-each-ref --sort -committerdate --format %(refname)%00%(objectname)%00%(*objectname) [3ms]
2026-03-08 22:27:24.336 [info] > git config --get commit.template [23ms]
2026-03-08 22:27:24.337 [info] > git for-each-ref --format=%(refname)%00%(upstream:short)%00%(objectname)%00%(upstream:track)%00%(upstream:remotename)%00%(upstream:remoteref) refs/heads/main refs/remotes/main [1ms]
2026-03-08 22:27:24.379 [info] > git status -z -uall [23ms]
2026-03-08 22:27:24.383 [info] > git for-each-ref --sort -committerdate --format %(refname)%00%(objectname)%00%(*objectname) [8ms]
2026-03-08 22:27:51.025 [info] > git config --get commit.template [12ms]
2026-03-08 22:27:51.028 [info] > git for-each-ref --format=%(refname)%00%(upstream:short)%00%(objectname)%00%(upstream:track)%00%(upstream:remotename)%00%(upstream:remoteref) refs/heads/main refs/remotes/main [4ms]
2026-03-08 22:27:51.050 [info] > git status -z -uall [11ms]
2026-03-08 22:27:51.054 [info] > git for-each-ref --sort -committerdate --format %(refname)%00%(objectname)%00%(*objectname) [5ms]
2026-03-08 22:27:56.081 [info] > git config --get commit.template [10ms]
2026-03-08 22:27:56.083 [info] > git for-each-ref --format=%(refname)%00%(upstream:short)%00%(objectname)%00%(upstream:track)%00%(upstream:remotename)%00%(upstream:remoteref) refs/heads/main refs/remotes/main [3ms]
2026-03-08 22:27:56.106 [info] > git status -z -uall [13ms]
2026-03-08 22:27:56.108 [info] > git for-each-ref --sort -committerdate --format %(refname)%00%(objectname)%00%(*objectname) [3ms]
2026-03-08 22:28:06.131 [info] > git config --get commit.template [11ms]
2026-03-08 22:28:06.134 [info] > git for-each-ref --format=%(refname)%00%(upstream:short)%00%(objectname)%00%(upstream:track)%00%(upstream:remotename)%00%(upstream:remoteref) refs/heads/main refs/remotes/main [3ms]
2026-03-08 22:28:06.156 [info] > git status -z -uall [12ms]
2026-03-08 22:28:06.159 [info] > git for-each-ref --sort -committerdate --format %(refname)%00%(objectname)%00%(*objectname) [4ms]
2026-03-08 22:28:06.218 [info] > git ls-files --stage -- resources/views/emails/announcement.blade.php [2ms]
2026-03-08 22:28:06.229 [info] > git cat-file -s 2776ab747bf42a645b83f26bc70c3a986e2e6cf3 [2ms]
2026-03-08 22:28:06.244 [info] > git show --textconv :resources/views/emails/announcement.blade.php [4ms]
2026-03-08 22:29:36.576 [info] > git config --get commit.template [5ms]
2026-03-08 22:29:36.598 [info] > git for-each-ref --format=%(refname)%00%(upstream:short)%00%(objectname)%00%(upstream:track)%00%(upstream:remotename)%00%(upstream:remoteref) refs/heads/main refs/remotes/main [6ms]
2026-03-08 22:29:36.627 [info] > git status -z -uall [14ms]
2026-03-08 22:29:36.629 [info] > git for-each-ref --sort -committerdate --format %(refname)%00%(objectname)%00%(*objectname) [4ms]
2026-03-08 22:30:06.821 [info] > git config --get commit.template [10ms]
2026-03-08 22:30:06.822 [info] > git for-each-ref --format=%(refname)%00%(upstream:short)%00%(objectname)%00%(upstream:track)%00%(upstream:remotename)%00%(upstream:remoteref) refs/heads/main refs/remotes/main [2ms]
2026-03-08 22:30:06.842 [info] > git status -z -uall [10ms]
2026-03-08 22:30:06.844 [info] > git for-each-ref --sort -committerdate --format %(refname)%00%(objectname)%00%(*objectname) [4ms]
2026-03-08 22:30:11.872 [info] > git config --get commit.template [10ms]
2026-03-08 22:30:11.875 [info] > git for-each-ref --format=%(refname)%00%(upstream:short)%00%(objectname)%00%(upstream:track)%00%(upstream:remotename)%00%(upstream:remoteref) refs/heads/main refs/remotes/main [4ms]
2026-03-08 22:30:11.895 [info] > git status -z -uall [12ms]
2026-03-08 22:30:11.897 [info] > git for-each-ref --sort -committerdate --format %(refname)%00%(objectname)%00%(*objectname) [3ms]
2026-03-08 22:32:14.732 [info] > git config --get commit.template [5ms]
2026-03-08 22:32:14.746 [info] > git for-each-ref --format=%(refname)%00%(upstream:short)%00%(objectname)%00%(upstream:track)%00%(upstream:remotename)%00%(upstream:remoteref) refs/heads/main refs/remotes/main [5ms]
2026-03-08 22:32:14.769 [info] > git status -z -uall [14ms]
2026-03-08 22:32:14.769 [info] > git for-each-ref --sort -committerdate --format %(refname)%00%(objectname)%00%(*objectname) [4ms]
2026-03-08 22:34:51.923 [info] > git config --get commit.template [2ms]
2026-03-08 22:34:51.935 [info] > git for-each-ref --format=%(refname)%00%(upstream:short)%00%(objectname)%00%(upstream:track)%00%(upstream:remotename)%00%(upstream:remoteref) refs/heads/main refs/remotes/main [3ms]
2026-03-08 22:34:51.960 [info] > git status -z -uall [17ms]
2026-03-08 22:34:51.964 [info] > git for-each-ref --sort -committerdate --format %(refname)%00%(objectname)%00%(*objectname) [6ms]
2026-03-08 22:42:39.257 [info] > git config --get commit.template [13ms]
2026-03-08 22:42:39.264 [info] > git for-each-ref --format=%(refname)%00%(upstream:short)%00%(objectname)%00%(upstream:track)%00%(upstream:remotename)%00%(upstream:remoteref) refs/heads/main refs/remotes/main [9ms]
2026-03-08 22:42:39.288 [info] > git status -z -uall [11ms]
2026-03-08 22:42:39.289 [info] > git for-each-ref --sort -committerdate --format %(refname)%00%(objectname)%00%(*objectname) [2ms]
2026-03-08 22:43:15.073 [info] > git config --get commit.template [2ms]
2026-03-08 22:43:15.086 [info] > git for-each-ref --format=%(refname)%00%(upstream:short)%00%(objectname)%00%(upstream:track)%00%(upstream:remotename)%00%(upstream:remoteref) refs/heads/main refs/remotes/main [5ms]
2026-03-08 22:43:15.110 [info] > git status -z -uall [15ms]
2026-03-08 22:43:15.111 [info] > git for-each-ref --sort -committerdate --format %(refname)%00%(objectname)%00%(*objectname) [5ms]
2026-03-08 22:44:17.380 [info] > git config --get commit.template [4ms]
2026-03-08 22:44:17.395 [info] > git for-each-ref --format=%(refname)%00%(upstream:short)%00%(objectname)%00%(upstream:track)%00%(upstream:remotename)%00%(upstream:remoteref) refs/heads/main refs/remotes/main [3ms]
2026-03-08 22:44:17.422 [info] > git status -z -uall [17ms]
2026-03-08 22:44:17.426 [info] > git for-each-ref --sort -committerdate --format %(refname)%00%(objectname)%00%(*objectname) [8ms]
2026-03-08 22:44:30.344 [info] > git config --get commit.template [10ms]
2026-03-08 22:44:30.345 [info] > git for-each-ref --format=%(refname)%00%(upstream:short)%00%(objectname)%00%(upstream:track)%00%(upstream:remotename)%00%(upstream:remoteref) refs/heads/main refs/remotes/main [1ms]
2026-03-08 22:44:30.365 [info] > git status -z -uall [15ms]
2026-03-08 22:44:30.365 [info] > git for-each-ref --sort -committerdate --format %(refname)%00%(objectname)%00%(*objectname) [5ms]
2026-03-08 22:49:52.491 [info] > git config --get commit.template [5ms]
2026-03-08 22:49:52.504 [info] > git for-each-ref --format=%(refname)%00%(upstream:short)%00%(objectname)%00%(upstream:track)%00%(upstream:remotename)%00%(upstream:remoteref) refs/heads/main refs/remotes/main [4ms]
2026-03-08 22:49:52.527 [info] > git status -z -uall [11ms]
2026-03-08 22:49:52.529 [info] > git for-each-ref --sort -committerdate --format %(refname)%00%(objectname)%00%(*objectname) [3ms]
2026-03-08 22:53:55.986 [info] > git for-each-ref --format=%(refname)%00%(upstream:short)%00%(objectname)%00%(upstream:track)%00%(upstream:remotename)%00%(upstream:remoteref) refs/heads/main refs/remotes/main [12ms]
2026-03-08 22:53:55.986 [info] > git config --get commit.template [28ms]
2026-03-08 22:53:56.012 [info] > git status -z -uall [13ms]
2026-03-08 22:53:56.014 [info] > git for-each-ref --sort -committerdate --format %(refname)%00%(objectname)%00%(*objectname) [5ms]
2026-03-08 22:56:08.585 [info] > git config --get commit.template [6ms]
2026-03-08 22:56:08.613 [info] > git for-each-ref --format=%(refname)%00%(upstream:short)%00%(objectname)%00%(upstream:track)%00%(upstream:remotename)%00%(upstream:remoteref) refs/heads/main refs/remotes/main [7ms]
2026-03-08 22:56:08.654 [info] > git status -z -uall [21ms]
2026-03-08 22:56:08.660 [info] > git for-each-ref --sort -committerdate --format %(refname)%00%(objectname)%00%(*objectname) [6ms]
2026-03-08 22:56:13.815 [info] > git config --get commit.template [13ms]
2026-03-08 22:56:13.817 [info] > git for-each-ref --format=%(refname)%00%(upstream:short)%00%(objectname)%00%(upstream:track)%00%(upstream:remotename)%00%(upstream:remoteref) refs/heads/main refs/remotes/main [4ms]
2026-03-08 22:56:13.840 [info] > git status -z -uall [12ms]
2026-03-08 22:56:13.843 [info] > git for-each-ref --sort -committerdate --format %(refname)%00%(objectname)%00%(*objectname) [4ms]
2026-03-08 22:57:28.267 [info] > git config --get commit.template [2ms]
2026-03-08 22:57:28.278 [info] > git for-each-ref --format=%(refname)%00%(upstream:short)%00%(objectname)%00%(upstream:track)%00%(upstream:remotename)%00%(upstream:remoteref) refs/heads/main refs/remotes/main [3ms]
2026-03-08 22:57:28.294 [info] > git status -z -uall [9ms]
2026-03-08 22:57:28.296 [info] > git for-each-ref --sort -committerdate --format %(refname)%00%(objectname)%00%(*objectname) [3ms]
2026-03-08 22:57:52.982 [info] > git config --get commit.template [3ms]
2026-03-08 22:57:52.996 [info] > git for-each-ref --format=%(refname)%00%(upstream:short)%00%(objectname)%00%(upstream:track)%00%(upstream:remotename)%00%(upstream:remoteref) refs/heads/main refs/remotes/main [3ms]
2026-03-08 22:57:53.026 [info] > git status -z -uall [17ms]
2026-03-08 22:57:53.028 [info] > git for-each-ref --sort -committerdate --format %(refname)%00%(objectname)%00%(*objectname) [4ms]
2026-03-08 22:57:58.055 [info] > git config --get commit.template [11ms]
2026-03-08 22:57:58.057 [info] > git for-each-ref --format=%(refname)%00%(upstream:short)%00%(objectname)%00%(upstream:track)%00%(upstream:remotename)%00%(upstream:remoteref) refs/heads/main refs/remotes/main [3ms]
2026-03-08 22:57:58.077 [info] > git status -z -uall [10ms]
2026-03-08 22:57:58.079 [info] > git for-each-ref --sort -committerdate --format %(refname)%00%(objectname)%00%(*objectname) [2ms]
2026-03-08 22:59:32.956 [info] > git config --get commit.template [18ms]
2026-03-08 22:59:32.962 [info] > git for-each-ref --format=%(refname)%00%(upstream:short)%00%(objectname)%00%(upstream:track)%00%(upstream:remotename)%00%(upstream:remoteref) refs/heads/main refs/remotes/main [8ms]
2026-03-08 22:59:32.986 [info] > git status -z -uall [13ms]
2026-03-08 22:59:32.988 [info] > git for-each-ref --sort -committerdate --format %(refname)%00%(objectname)%00%(*objectname) [3ms]
2026-03-08 23:01:10.430 [info] > git config --get commit.template [12ms]
2026-03-08 23:01:10.432 [info] > git for-each-ref --format=%(refname)%00%(upstream:short)%00%(objectname)%00%(upstream:track)%00%(upstream:remotename)%00%(upstream:remoteref) refs/heads/main refs/remotes/main [3ms]
2026-03-08 23:01:10.455 [info] > git status -z -uall [14ms]
2026-03-08 23:01:10.457 [info] > git for-each-ref --sort -committerdate --format %(refname)%00%(objectname)%00%(*objectname) [4ms]
