2026-03-09 04:44:35.623 [info] [main] Log level: Info
2026-03-09 04:44:35.623 [info] [main] Validating found git in: "git"
2026-03-09 04:44:35.623 [info] [main] Using git "2.53.0" from "git"
2026-03-09 04:44:35.623 [info] [Model][doInitialScan] Initial repository scan started
2026-03-09 04:44:35.623 [info] > git rev-parse --show-toplevel [33ms]
2026-03-09 04:44:35.623 [info] > git rev-parse --git-dir --git-common-dir --show-superproject-working-tree [37ms]
2026-03-09 04:44:35.623 [info] [Model][openRepository] Opened repository (path): /opt/lampp/htdocs/AU-AIS
2026-03-09 04:44:35.623 [info] [Model][openRepository] Opened repository (real path): /opt/lampp/htdocs/AU-AIS
2026-03-09 04:44:35.623 [info] [Model][openRepository] Opened repository (kind): repository
2026-03-09 04:44:35.624 [info] > git rev-parse --show-toplevel [8ms]
2026-03-09 04:44:35.625 [info] > git config --get commit.template [12ms]
2026-03-09 04:44:35.657 [info] > git for-each-ref --format=%(refname)%00%(upstream:short)%00%(objectname)%00%(upstream:track)%00%(upstream:remotename)%00%(upstream:remoteref) refs/heads/main refs/remotes/main [5ms]
2026-03-09 04:44:35.681 [info] > git status -z -uall [12ms]
2026-03-09 04:44:35.683 [info] > git for-each-ref --sort -committerdate --format %(refname)%00%(objectname)%00%(*objectname) [8ms]
2026-03-09 04:44:35.700 [info] > git rev-parse --show-toplevel [36ms]
2026-03-09 04:44:35.716 [info] > git for-each-ref --format=%(refname)%00%(upstream:short)%00%(objectname)%00%(upstream:track)%00%(upstream:remotename)%00%(upstream:remoteref) refs/heads/main refs/remotes/main [19ms]
2026-03-09 04:44:35.722 [info] > git rev-parse --show-toplevel [8ms]
2026-03-09 04:44:35.722 [info] > git config --get commit.template [11ms]
2026-03-09 04:44:35.727 [info] > git config --get --local branch.main.vscode-merge-base [6ms]
2026-03-09 04:44:35.737 [info] > git rev-parse --show-toplevel [10ms]
2026-03-09 04:44:35.742 [info] > git for-each-ref --format=%(refname)%00%(upstream:short)%00%(objectname)%00%(upstream:track)%00%(upstream:remotename)%00%(upstream:remoteref) refs/heads/main refs/remotes/main [6ms]
2026-03-09 04:44:35.742 [info] > git for-each-ref --format=%(refname)%00%(upstream:short)%00%(objectname)%00%(upstream:track)%00%(upstream:remotename)%00%(upstream:remoteref) refs/heads/origin/main refs/remotes/origin/main [10ms]
2026-03-09 04:44:35.753 [info] > git merge-base refs/heads/main refs/remotes/origin/main [3ms]
2026-03-09 04:44:35.766 [info] > git rev-parse --show-toplevel [25ms]
2026-03-09 04:44:35.784 [info] > git rev-parse --show-toplevel [5ms]
2026-03-09 04:44:35.785 [info] > git diff --name-status -z --diff-filter=ADMR --find-renames=50% 14f7c815704aa5dd5c4628850b334f41fad2cea9...refs/remotes/origin/main -- [18ms]
2026-03-09 04:44:35.804 [info] > git status -z -uall [15ms]
2026-03-09 04:44:35.804 [info] > git for-each-ref --sort -committerdate --format %(refname)%00%(objectname)%00%(*objectname) [9ms]
2026-03-09 04:44:35.808 [info] > git rev-parse --show-toplevel [5ms]
2026-03-09 04:44:35.821 [info] > git rev-parse --show-toplevel [1ms]
2026-03-09 04:44:35.870 [info] > git rev-parse --show-toplevel [2ms]
2026-03-09 04:44:35.879 [info] > git rev-parse --show-toplevel [4ms]
2026-03-09 04:44:35.891 [info] > git rev-parse --show-toplevel [2ms]
2026-03-09 04:44:35.908 [info] > git rev-parse --show-toplevel [3ms]
2026-03-09 04:44:35.913 [info] [Model][doInitialScan] Initial repository scan completed - repositories (1), closed repositories (0), parent repositories (0), unsafe repositories (0)
2026-03-09 04:44:35.990 [info] > git show --textconv :resources/views/emails/announcement.blade.php [4ms]
2026-03-09 04:44:35.991 [info] > git ls-files --stage -- resources/views/emails/announcement.blade.php [1ms]
2026-03-09 04:44:35.996 [info] > git cat-file -s 2776ab747bf42a645b83f26bc70c3a986e2e6cf3 [1ms]
2026-03-09 04:44:36.040 [info] > git blame --root --incremental 14f7c815704aa5dd5c4628850b334f41fad2cea9 -- resources/views/emails/announcement.blade.php [3ms]
2026-03-09 04:44:36.214 [info] > git check-ignore -v -z --stdin [3ms]
2026-03-09 04:44:42.099 [info] > git check-ignore -v -z --stdin [4ms]
2026-03-09 04:46:08.449 [info] > git check-ignore -v -z --stdin [1ms]
2026-03-09 04:46:09.384 [info] > git config --get commit.template [5ms]
2026-03-09 04:46:09.385 [info] > git for-each-ref --format=%(refname)%00%(upstream:short)%00%(objectname)%00%(upstream:track)%00%(upstream:remotename)%00%(upstream:remoteref) refs/heads/main refs/remotes/main [2ms]
2026-03-09 04:46:09.398 [info] > git status -z -uall [7ms]
2026-03-09 04:46:09.399 [info] > git for-each-ref --sort -committerdate --format %(refname)%00%(objectname)%00%(*objectname) [2ms]
2026-03-09 04:46:14.410 [info] > git config --get commit.template [4ms]
2026-03-09 04:46:14.410 [info] > git for-each-ref --format=%(refname)%00%(upstream:short)%00%(objectname)%00%(upstream:track)%00%(upstream:remotename)%00%(upstream:remoteref) refs/heads/main refs/remotes/main [1ms]
2026-03-09 04:46:14.417 [info] > git status -z -uall [4ms]
2026-03-09 04:46:14.418 [info] > git for-each-ref --sort -committerdate --format %(refname)%00%(objectname)%00%(*objectname) [1ms]
2026-03-09 04:46:19.428 [info] > git config --get commit.template [3ms]
2026-03-09 04:46:19.429 [info] > git for-each-ref --format=%(refname)%00%(upstream:short)%00%(objectname)%00%(upstream:track)%00%(upstream:remotename)%00%(upstream:remoteref) refs/heads/main refs/remotes/main [1ms]
2026-03-09 04:46:19.436 [info] > git status -z -uall [4ms]
2026-03-09 04:46:19.437 [info] > git for-each-ref --sort -committerdate --format %(refname)%00%(objectname)%00%(*objectname) [1ms]
2026-03-09 04:46:53.940 [info] > git config --get commit.template [1ms]
2026-03-09 04:46:53.944 [info] > git for-each-ref --format=%(refname)%00%(upstream:short)%00%(objectname)%00%(upstream:track)%00%(upstream:remotename)%00%(upstream:remoteref) refs/heads/main refs/remotes/main [1ms]
2026-03-09 04:46:53.952 [info] > git status -z -uall [5ms]
2026-03-09 04:46:53.952 [info] > git for-each-ref --sort -committerdate --format %(refname)%00%(objectname)%00%(*objectname) [1ms]
2026-03-09 04:46:53.982 [info] > git blame --root --incremental 8b5998b430f5ae43d2a1aad4ef4ccfe35b6f9f30 -- resources/views/emails/announcement.blade.php [20ms]
2026-03-09 04:46:53.984 [info] > git merge-base refs/heads/main refs/remotes/origin/main [4ms]
2026-03-09 04:46:53.997 [info] > git diff --name-status -z --diff-filter=ADMR --find-renames=50% 14f7c815704aa5dd5c4628850b334f41fad2cea9...refs/remotes/origin/main -- [3ms]
2026-03-09 04:46:59.042 [info] > git config --get commit.template [4ms]
2026-03-09 04:46:59.042 [info] > git for-each-ref --format=%(refname)%00%(upstream:short)%00%(objectname)%00%(upstream:track)%00%(upstream:remotename)%00%(upstream:remoteref) refs/heads/main refs/remotes/main [1ms]
2026-03-09 04:46:59.050 [info] > git status -z -uall [4ms]
2026-03-09 04:46:59.051 [info] > git for-each-ref --sort -committerdate --format %(refname)%00%(objectname)%00%(*objectname) [1ms]
2026-03-09 04:46:59.058 [info] > git merge-base refs/heads/main refs/remotes/origin/main [1ms]
2026-03-09 04:46:59.063 [info] > git diff --name-status -z --diff-filter=ADMR --find-renames=50% 8b5998b430f5ae43d2a1aad4ef4ccfe35b6f9f30...refs/remotes/origin/main -- [1ms]
