[Info  - 10:17:24 PM] Initialising intelephense 1.16.5
[Info  - 10:17:24 PM] Reading state from /home/jerdan/.config/Antigravity/User/workspaceStorage/18ca98f7de3627148ed6c211a2a63793/bmewburn.vscode-intelephense-client/2d7c1c5d.
[Info  - 10:17:25 PM] Initialised in 713 ms
[Info  - 10:17:25 PM] Searching file:///home/jerdan/.antigravity/extensions/bmewburn.vscode-intelephense-client-1.16.5-universal/node_modules/intelephense/lib/stub for files to index.
[Info  - 10:17:25 PM] Searching file:///opt/lampp/htdocs/AU-AIS for files to index.
[Warn  - 10:17:25 PM] file:///opt/lampp/htdocs/AU-AIS/vendor/composer/autoload_classmap.php is over the maximum file size of 1000000 bytes.
[Warn  - 10:17:25 PM] file:///opt/lampp/htdocs/AU-AIS/vendor/composer/autoload_static.php is over the maximum file size of 1000000 bytes.
[Warn  - 10:17:25 PM] file:///opt/lampp/htdocs/AU-AIS/vendor/fakerphp/faker/src/Faker/Provider/nl_BE/Text.php is over the maximum file size of 1000000 bytes.
[Info  - 10:17:25 PM] Indexing started.
[Info  - 10:17:25 PM] Indexing ended. 8 files indexed in 0s.
[Info  - 10:17:25 PM] Writing state to /home/jerdan/.config/Antigravity/User/workspaceStorage/18ca98f7de3627148ed6c211a2a63793/bmewburn.vscode-intelephense-client/2d7c1c5d.
[Info  - 10:17:27 PM] Wrote state in 1.5s.
[Info  - 10:24:54 PM] Indexing started.
[Info  - 10:24:55 PM] Indexing ended. 1 files indexed in 0s.
[Info  - 10:25:15 PM] Indexing started.
[Info  - 10:25:16 PM] Indexing ended. 1 files indexed in 0s.
[Info  - 10:57:27 PM] Indexing started.
[Info  - 10:57:27 PM] Indexing ended. 1 files indexed in 0s.
[Info  - 10:57:52 PM] Indexing started.
[Info  - 10:57:52 PM] Indexing ended. 1 files indexed in 0s.
[Info  - 10:57:53 PM] Indexing started.
[Info  - 10:57:54 PM] Indexing ended. 1 files indexed in 0s.
